#
# There is insufficient memory for the Java Runtime Environment to continue.
# Native memory allocation (malloc) failed to allocate 1295808 bytes for Chunk::new
# Possible reasons:
#   The system is out of physical RAM or swap space
#   The process is running with CompressedOops enabled, and the Java Heap may be blocking the growth of the native heap
# Possible solutions:
#   Reduce memory load on the system
#   Increase physical memory or swap space
#   Check if swap backing store is full
#   Decrease Java heap size (-Xmx/-Xms)
#   Decrease number of Java threads
#   Decrease Java thread stack sizes (-Xss)
#   Set larger code cache with -XX:ReservedCodeCacheSize=
#   JVM is running with Unscaled Compressed Oops mode in which the Java heap is
#     placed in the first 4GB address space. The Java Heap base address is the
#     maximum limit for the native heap growth. Please use -XX:HeapBaseMinAddress
#     to set the Java Heap base and to place the Java Heap above 4GB virtual address.
# This output file may be truncated or incomplete.
#
#  Out of Memory Error (./open/src/hotspot/share/memory/arena.cpp:195), pid=8048, tid=3460
#
# JRE version: Java(TM) SE Runtime Environment (15.0+36) (build 15+36-1562)
# Java VM: Java HotSpot(TM) 64-Bit Server VM (15+36-1562, mixed mode, sharing, tiered, compressed oops, g1 gc, windows-amd64)
# No core dump will be written. Minidumps are not enabled by default on client versions of Windows
#

---------------  S U M M A R Y ------------

Command Line: --add-opens=java.base/java.util=ALL-UNNAMED --add-opens=java.base/java.lang=ALL-UNNAMED --add-opens=java.base/java.lang.invoke=ALL-UNNAMED --add-opens=java.prefs/java.util.prefs=ALL-UNNAMED -XX:MaxMetaspaceSize=256m -XX:+HeapDumpOnOutOfMemoryError -Xms256m -Xmx512m -Dfile.encoding=windows-1252 -Duser.country=US -Duser.language=en -Duser.variant org.gradle.launcher.daemon.bootstrap.GradleDaemon 6.7

Host: Intel(R) Core(TM) i3-3217U CPU @ 1.80GHz, 4 cores, 3G,  Windows 10 , 64 bit Build 17134 (10.0.17134.1425)
Time: Thu Dec 31 13:31:45 2020 Pakistan Standard Time elapsed time: 128.021523 seconds (0d 0h 2m 8s)

---------------  T H R E A D  ---------------

Current thread (0x000002b025edb7f0):  JavaThread "C2 CompilerThread0" daemon [_thread_in_native, id=3460, stack(0x000000babbe00000,0x000000babbf00000)]


Current CompileTask:
C2: 128021 11272       4       java.lang.reflect.AccessibleObject::checkCanSetAccessible (386 bytes)

Stack: [0x000000babbe00000,0x000000babbf00000]
Native frames: (J=compiled Java code, j=interpreted, Vv=VM code, C=native code)
V  [jvm.dll+0x629eaa]
V  [jvm.dll+0x780379]
V  [jvm.dll+0x781ad3]
V  [jvm.dll+0x782133]
V  [jvm.dll+0x2159d5]
V  [jvm.dll+0x9794a]
V  [jvm.dll+0x9802c]
V  [jvm.dll+0x32dc35]
V  [jvm.dll+0x18dd31]
V  [jvm.dll+0x1e9ef2]
V  [jvm.dll+0x1e903e]
V  [jvm.dll+0x177f17]
V  [jvm.dll+0x1f88f5]
V  [jvm.dll+0x1f699c]
V  [jvm.dll+0x74384d]
V  [jvm.dll+0x73c64a]
V  [jvm.dll+0x628d16]
C  [ucrtbase.dll+0x1e3fe]
C  [KERNEL32.DLL+0x14034]
C  [ntdll.dll+0x73691]


---------------  P R O C E S S  ---------------

Threads class SMR info:
_java_thread_list=0x000002b027eaee40, length=44, elements={
0x000002b00b4c3040, 0x000002b025eb5300, 0x000002b025eb69a0, 0x000002b025ed3470,
0x000002b025ed5e40, 0x000002b025ed73c0, 0x000002b025edb7f0, 0x000002b025ee16b0,
0x000002b025ee2b70, 0x000002b0268fb8c0, 0x000002b026940f60, 0x000002b026d36180,
0x000002b02870ba30, 0x000002b02851c010, 0x000002b028185010, 0x000002b028709e30,
0x000002b028562c00, 0x000002b028894d00, 0x000002b0287a8fb0, 0x000002b0287fc540,
0x000002b0287fe6f0, 0x000002b0287ff090, 0x000002b0287ffa30, 0x000002b0287fca10,
0x000002b02a3a0470, 0x000002b02a3a47d0, 0x000002b02a3a77f0, 0x000002b02a3a2fc0,
0x000002b02a3a3960, 0x000002b02a3a0e10, 0x000002b02a3a1c80, 0x000002b02a3a2620,
0x000002b02a3a2150, 0x000002b02a3a5b10, 0x000002b02a3a5170, 0x000002b029e5ebc0,
0x000002b02c3b2850, 0x000002b02c3b3b90, 0x000002b02c3b36c0, 0x000002b02c3b19e0,
0x000002b02c3b31f0, 0x000002b029e5d880, 0x000002b029e5dd50, 0x000002b029e61240
}

Java Threads: ( => current thread )
  0x000002b00b4c3040 JavaThread "main" [_thread_blocked, id=9256, stack(0x000000babb200000,0x000000babb300000)]
  0x000002b025eb5300 JavaThread "Reference Handler" daemon [_thread_blocked, id=5768, stack(0x000000babb900000,0x000000babba00000)]
  0x000002b025eb69a0 JavaThread "Finalizer" daemon [_thread_blocked, id=3496, stack(0x000000babba00000,0x000000babbb00000)]
  0x000002b025ed3470 JavaThread "Signal Dispatcher" daemon [_thread_blocked, id=3352, stack(0x000000babbb00000,0x000000babbc00000)]
  0x000002b025ed5e40 JavaThread "Attach Listener" daemon [_thread_blocked, id=9712, stack(0x000000babbc00000,0x000000babbd00000)]
  0x000002b025ed73c0 JavaThread "Service Thread" daemon [_thread_blocked, id=2316, stack(0x000000babbd00000,0x000000babbe00000)]
=>0x000002b025edb7f0 JavaThread "C2 CompilerThread0" daemon [_thread_in_native, id=3460, stack(0x000000babbe00000,0x000000babbf00000)]
  0x000002b025ee16b0 JavaThread "C1 CompilerThread0" daemon [_thread_blocked, id=5376, stack(0x000000babbf00000,0x000000babc000000)]
  0x000002b025ee2b70 JavaThread "Sweeper thread" daemon [_thread_blocked, id=8996, stack(0x000000babc000000,0x000000babc100000)]
  0x000002b0268fb8c0 JavaThread "Common-Cleaner" daemon [_thread_blocked, id=10040, stack(0x000000babc100000,0x000000babc200000)]
  0x000002b026940f60 JavaThread "Notification Thread" daemon [_thread_blocked, id=2728, stack(0x000000babc200000,0x000000babc300000)]
  0x000002b026d36180 JavaThread "Daemon health stats" [_thread_blocked, id=13596, stack(0x000000babc400000,0x000000babc500000)]
  0x000002b02870ba30 JavaThread "Incoming local TCP Connector on port 64390" [_thread_in_native, id=3380, stack(0x000000babca00000,0x000000babcb00000)]
  0x000002b02851c010 JavaThread "Daemon periodic checks" [_thread_blocked, id=6836, stack(0x000000babcc00000,0x000000babcd00000)]
  0x000002b028185010 JavaThread "Daemon" [_thread_blocked, id=3452, stack(0x000000babcd00000,0x000000babce00000)]
  0x000002b028709e30 JavaThread "Handler for socket connection from /127.0.0.1:64390 to /127.0.0.1:64391" [_thread_in_native, id=9872, stack(0x000000babce00000,0x000000babcf00000)]
  0x000002b028562c00 JavaThread "Cancel handler" [_thread_blocked, id=6040, stack(0x000000babcf00000,0x000000babd000000)]
  0x000002b028894d00 JavaThread "Daemon worker" [_thread_in_native, id=2884, stack(0x000000babd000000,0x000000babd100000)]
  0x000002b0287a8fb0 JavaThread "Asynchronous log dispatcher for DefaultDaemonConnection: socket connection from /127.0.0.1:64390 to /127.0.0.1:64391" [_thread_blocked, id=11820, stack(0x000000babd100000,0x000000babd200000)]
  0x000002b0287fc540 JavaThread "Stdin handler" [_thread_blocked, id=212, stack(0x000000babd200000,0x000000babd300000)]
  0x000002b0287fe6f0 JavaThread "Thread-8" [_thread_blocked, id=6228, stack(0x000000babcb00000,0x000000babcc00000)]
  0x000002b0287ff090 JavaThread "Cache worker for file hash cache (C:\Users\musab\.gradle\caches\6.7\fileHashes)" [_thread_blocked, id=6576, stack(0x000000babd300000,0x000000babd400000)]
  0x000002b0287ffa30 JavaThread "File lock request listener" [_thread_in_native, id=11164, stack(0x000000babd400000,0x000000babd500000)]
  0x000002b0287fca10 JavaThread "Cache worker for journal cache (C:\Users\musab\.gradle\caches\journal-1)" [_thread_blocked, id=13056, stack(0x000000babd500000,0x000000babd600000)]
  0x000002b02a3a0470 JavaThread "Cache worker for file hash cache (E:\react-native\Task\android\.gradle\6.7\fileHashes)" [_thread_blocked, id=11528, stack(0x000000babd600000,0x000000babd700000)]
  0x000002b02a3a47d0 JavaThread "Cache worker for checksums cache (E:\react-native\Task\android\.gradle\checksums)" [_thread_blocked, id=3428, stack(0x000000babd700000,0x000000babd800000)]
  0x000002b02a3a77f0 JavaThread "Cache worker for cache directory md-supplier (C:\Users\musab\.gradle\caches\6.7\md-supplier)" [_thread_blocked, id=4448, stack(0x000000babd800000,0x000000babd900000)]
  0x000002b02a3a2fc0 JavaThread "Cache worker for cache directory md-rule (C:\Users\musab\.gradle\caches\6.7\md-rule)" [_thread_blocked, id=1408, stack(0x000000babda00000,0x000000babdb00000)]
  0x000002b02a3a3960 JavaThread "Cache worker for execution history cache (C:\Users\musab\.gradle\caches\6.7\executionHistory)" [_thread_blocked, id=13800, stack(0x000000babdb00000,0x000000babdc00000)]
  0x000002b02a3a0e10 JavaThread "Cache worker for file content cache (C:\Users\musab\.gradle\caches\6.7\fileContent)" [_thread_blocked, id=11232, stack(0x000000babdc00000,0x000000babdd00000)]
  0x000002b02a3a1c80 JavaThread "Cache worker for Build Output Cleanup Cache (E:\react-native\Task\android\.gradle\buildOutputCleanup)" [_thread_blocked, id=13700, stack(0x000000babd900000,0x000000babda00000)]
  0x000002b02a3a2620 JavaThread "Build operations" [_thread_blocked, id=12020, stack(0x000000babdd00000,0x000000babde00000)]
  0x000002b02a3a2150 JavaThread "Build operations Thread 2" [_thread_blocked, id=11676, stack(0x000000babde00000,0x000000babdf00000)]
  0x000002b02a3a5b10 JavaThread "Build operations Thread 3" [_thread_blocked, id=13324, stack(0x000000babdf00000,0x000000babe000000)]
  0x000002b02a3a5170 JavaThread "Build operations Thread 4" [_thread_blocked, id=2656, stack(0x000000babe000000,0x000000babe100000)]
  0x000002b029e5ebc0 JavaThread "Memory manager" [_thread_blocked, id=9056, stack(0x000000babae00000,0x000000babaf00000)]
  0x000002b02c3b2850 JavaThread "Execution worker for ':'" [_thread_blocked, id=13456, stack(0x000000bac3800000,0x000000bac3900000)]
  0x000002b02c3b3b90 JavaThread "Execution worker for ':' Thread 2" [_thread_blocked, id=5584, stack(0x000000bac3900000,0x000000bac3a00000)]
  0x000002b02c3b36c0 JavaThread "Execution worker for ':' Thread 3" [_thread_blocked, id=6568, stack(0x000000bac3a00000,0x000000bac3b00000)]
  0x000002b02c3b19e0 JavaThread "Cache worker for execution history cache (E:\react-native\Task\android\.gradle\6.7\executionHistory)" [_thread_blocked, id=8576, stack(0x000000bac3b00000,0x000000bac3c00000)]
  0x000002b02c3b31f0 JavaThread "WorkerExecutor Queue" [_thread_blocked, id=7260, stack(0x000000bac3700000,0x000000bac3800000)]
  0x000002b029e5d880 JavaThread "ForkJoinPool.commonPool-worker-3" daemon [_thread_blocked, id=11952, stack(0x000000babaf00000,0x000000babb000000)]
  0x000002b029e5dd50 JavaThread "ForkJoinPool.commonPool-worker-5" daemon [_thread_blocked, id=532, stack(0x000000babe100000,0x000000babe200000)]
  0x000002b029e61240 JavaThread "ForkJoinPool.commonPool-worker-7" daemon [_thread_blocked, id=12264, stack(0x000000babe200000,0x000000babe300000)]

Other Threads:
  0x000002b025eacf90 VMThread "VM Thread" [stack: 0x000000babb800000,0x000000babb900000] [id=8432]
  0x000002b026941430 WatcherThread [stack: 0x000000babc300000,0x000000babc400000] [id=2468]
  0x000002b00b4eaeb0 GCTaskThread "GC Thread#0" [stack: 0x000000babb300000,0x000000babb400000] [id=8664]
  0x000002b02704f420 GCTaskThread "GC Thread#1" [stack: 0x000000babc500000,0x000000babc600000] [id=13496]
  0x000002b02704f750 GCTaskThread "GC Thread#2" [stack: 0x000000babc600000,0x000000babc700000] [id=10144]
  0x000002b027050da0 GCTaskThread "GC Thread#3" [stack: 0x000000babc700000,0x000000babc800000] [id=13188]
  0x000002b00b4f0090 ConcurrentGCThread "G1 Main Marker" [stack: 0x000000babb400000,0x000000babb500000] [id=5352]
  0x000002b00b4f0c10 ConcurrentGCThread "G1 Conc#0" [stack: 0x000000babb500000,0x000000babb600000] [id=4900]
  0x000002b00b58da20 ConcurrentGCThread "G1 Refine#0" [stack: 0x000000babb600000,0x000000babb700000] [id=6828]
  0x000002b027207a00 ConcurrentGCThread "G1 Refine#1" [stack: 0x000000babc800000,0x000000babc900000] [id=9904]
  0x000002b02a7065e0 ConcurrentGCThread "G1 Refine#2" [stack: 0x000000bac3300000,0x000000bac3400000] [id=5592]
  0x000002b00b58e850 ConcurrentGCThread "G1 Young RemSet Sampling" [stack: 0x000000babb700000,0x000000babb800000] [id=13816]

Threads with active compile tasks:
C2 CompilerThread0   132702 11272       4       java.lang.reflect.AccessibleObject::checkCanSetAccessible (386 bytes)

VM state: not at safepoint (normal execution)

VM Mutex/Monitor currently owned by a thread: None

Heap address: 0x00000000e0000000, size: 512 MB, Compressed Oops mode: 32-bit
CDS archive(s) mapped at: [0x0000000800000000-0x0000000800b50000-0x0000000800b50000), size 11862016, SharedBaseAddress: 0x0000000800000000, ArchiveRelocationMode: 0.
Compressed class space mapped at: 0x0000000800b50000-0x0000000810350000, size: 260046848
Narrow klass base: 0x0000000800000000, Narrow klass shift: 3, Narrow klass range: 0x100000000

GC Precious Log:
 CPUs: 4 total, 4 available
 Memory: 3981M
 Large Page Support: Disabled
 NUMA Support: Disabled
 Compressed Oops: Enabled (32-bit)
 Heap Region Size: 1M
 Heap Min Capacity: 256M
 Heap Initial Capacity: 256M
 Heap Max Capacity: 512M
 Pre-touch: Disabled
 Parallel Workers: 4
 Concurrent Workers: 1
 Concurrent Refinement Workers: 4
 Periodic GC: Disabled

Heap:
 garbage-first heap   total 296960K, used 285011K [0x00000000e0000000, 0x0000000100000000)
  region size 1024K, 115 young (117760K), 7 survivors (7168K)
 Metaspace       used 79646K, capacity 80969K, committed 81180K, reserved 325632K
  class space    used 10132K, capacity 10521K, committed 10604K, reserved 253952K

Heap Regions: E=young(eden), S=young(survivor), O=old, HS=humongous(starts), HC=humongous(continues), CS=collection set, F=free, OA=open archive, CA=closed archive, TAMS=top-at-mark-start (previous, next)
|   0|0x00000000e0000000, 0x00000000e0100000, 0x00000000e0100000|100%| O|  |TAMS 0x00000000e0100000, 0x00000000e0000000| Untracked 
|   1|0x00000000e0100000, 0x00000000e0200000, 0x00000000e0200000|100%| O|  |TAMS 0x00000000e0200000, 0x00000000e0100000| Untracked 
|   2|0x00000000e0200000, 0x00000000e0300000, 0x00000000e0300000|100%| O|  |TAMS 0x00000000e0300000, 0x00000000e0200000| Untracked 
|   3|0x00000000e0300000, 0x00000000e0400000, 0x00000000e0400000|100%|HS|  |TAMS 0x00000000e0400000, 0x00000000e0300000| Complete 
|   4|0x00000000e0400000, 0x00000000e0500000, 0x00000000e0500000|100%|HC|  |TAMS 0x00000000e0500000, 0x00000000e0400000| Complete 
|   5|0x00000000e0500000, 0x00000000e0600000, 0x00000000e0600000|100%|HC|  |TAMS 0x00000000e0600000, 0x00000000e0500000| Complete 
|   6|0x00000000e0600000, 0x00000000e0700000, 0x00000000e0700000|100%| O|  |TAMS 0x00000000e0700000, 0x00000000e0600000| Untracked 
|   7|0x00000000e0700000, 0x00000000e0800000, 0x00000000e0800000|100%| O|  |TAMS 0x00000000e0800000, 0x00000000e0700000| Untracked 
|   8|0x00000000e0800000, 0x00000000e0900000, 0x00000000e0900000|100%| O|  |TAMS 0x00000000e0900000, 0x00000000e0800000| Untracked 
|   9|0x00000000e0900000, 0x00000000e0a00000, 0x00000000e0a00000|100%|HS|  |TAMS 0x00000000e0a00000, 0x00000000e0900000| Complete 
|  10|0x00000000e0a00000, 0x00000000e0b00000, 0x00000000e0b00000|100%|HC|  |TAMS 0x00000000e0b00000, 0x00000000e0a00000| Complete 
|  11|0x00000000e0b00000, 0x00000000e0c00000, 0x00000000e0c00000|100%| O|  |TAMS 0x00000000e0c00000, 0x00000000e0b00000| Untracked 
|  12|0x00000000e0c00000, 0x00000000e0d00000, 0x00000000e0d00000|100%| O|  |TAMS 0x00000000e0d00000, 0x00000000e0c00000| Untracked 
|  13|0x00000000e0d00000, 0x00000000e0e00000, 0x00000000e0e00000|100%| O|  |TAMS 0x00000000e0e00000, 0x00000000e0d00000| Untracked 
|  14|0x00000000e0e00000, 0x00000000e0f00000, 0x00000000e0f00000|100%| O|  |TAMS 0x00000000e0f00000, 0x00000000e0e00000| Untracked 
|  15|0x00000000e0f00000, 0x00000000e1000000, 0x00000000e1000000|100%| O|  |TAMS 0x00000000e1000000, 0x00000000e0f00000| Untracked 
|  16|0x00000000e1000000, 0x00000000e1100000, 0x00000000e1100000|100%| O|  |TAMS 0x00000000e1100000, 0x00000000e1000000| Untracked 
|  17|0x00000000e1100000, 0x00000000e1200000, 0x00000000e1200000|100%| O|  |TAMS 0x00000000e1200000, 0x00000000e1100000| Untracked 
|  18|0x00000000e1200000, 0x00000000e1300000, 0x00000000e1300000|100%| O|  |TAMS 0x00000000e1300000, 0x00000000e1200000| Untracked 
|  19|0x00000000e1300000, 0x00000000e1400000, 0x00000000e1400000|100%| O|  |TAMS 0x00000000e1400000, 0x00000000e1300000| Untracked 
|  20|0x00000000e1400000, 0x00000000e1500000, 0x00000000e1500000|100%| O|  |TAMS 0x00000000e1500000, 0x00000000e1400000| Untracked 
|  21|0x00000000e1500000, 0x00000000e1600000, 0x00000000e1600000|100%| O|  |TAMS 0x00000000e1600000, 0x00000000e1500000| Untracked 
|  22|0x00000000e1600000, 0x00000000e1700000, 0x00000000e1700000|100%| O|  |TAMS 0x00000000e1700000, 0x00000000e1600000| Untracked 
|  23|0x00000000e1700000, 0x00000000e1800000, 0x00000000e1800000|100%| O|  |TAMS 0x00000000e1800000, 0x00000000e1700000| Untracked 
|  24|0x00000000e1800000, 0x00000000e1900000, 0x00000000e1900000|100%| O|  |TAMS 0x00000000e1900000, 0x00000000e1800000| Untracked 
|  25|0x00000000e1900000, 0x00000000e1a00000, 0x00000000e1a00000|100%| O|  |TAMS 0x00000000e1a00000, 0x00000000e1900000| Untracked 
|  26|0x00000000e1a00000, 0x00000000e1b00000, 0x00000000e1b00000|100%| O|  |TAMS 0x00000000e1b00000, 0x00000000e1a00000| Untracked 
|  27|0x00000000e1b00000, 0x00000000e1c00000, 0x00000000e1c00000|100%| O|  |TAMS 0x00000000e1c00000, 0x00000000e1b00000| Untracked 
|  28|0x00000000e1c00000, 0x00000000e1d00000, 0x00000000e1d00000|100%| O|  |TAMS 0x00000000e1d00000, 0x00000000e1c00000| Untracked 
|  29|0x00000000e1d00000, 0x00000000e1e00000, 0x00000000e1e00000|100%| O|  |TAMS 0x00000000e1e00000, 0x00000000e1d00000| Untracked 
|  30|0x00000000e1e00000, 0x00000000e1f00000, 0x00000000e1f00000|100%| O|  |TAMS 0x00000000e1f00000, 0x00000000e1e00000| Untracked 
|  31|0x00000000e1f00000, 0x00000000e2000000, 0x00000000e2000000|100%| O|  |TAMS 0x00000000e2000000, 0x00000000e1f00000| Untracked 
|  32|0x00000000e2000000, 0x00000000e2100000, 0x00000000e2100000|100%| O|  |TAMS 0x00000000e2100000, 0x00000000e2000000| Untracked 
|  33|0x00000000e2100000, 0x00000000e2200000, 0x00000000e2200000|100%| O|  |TAMS 0x00000000e2200000, 0x00000000e2100000| Untracked 
|  34|0x00000000e2200000, 0x00000000e2300000, 0x00000000e2300000|100%| O|  |TAMS 0x00000000e2300000, 0x00000000e2200000| Untracked 
|  35|0x00000000e2300000, 0x00000000e2400000, 0x00000000e2400000|100%| O|  |TAMS 0x00000000e2400000, 0x00000000e2300000| Untracked 
|  36|0x00000000e2400000, 0x00000000e2500000, 0x00000000e2500000|100%| O|  |TAMS 0x00000000e2500000, 0x00000000e2400000| Untracked 
|  37|0x00000000e2500000, 0x00000000e2600000, 0x00000000e2600000|100%| O|  |TAMS 0x00000000e2600000, 0x00000000e2500000| Untracked 
|  38|0x00000000e2600000, 0x00000000e2700000, 0x00000000e2700000|100%| O|  |TAMS 0x00000000e2700000, 0x00000000e2600000| Untracked 
|  39|0x00000000e2700000, 0x00000000e2800000, 0x00000000e2800000|100%| O|  |TAMS 0x00000000e2800000, 0x00000000e2700000| Untracked 
|  40|0x00000000e2800000, 0x00000000e2900000, 0x00000000e2900000|100%| O|  |TAMS 0x00000000e2900000, 0x00000000e2800000| Untracked 
|  41|0x00000000e2900000, 0x00000000e2a00000, 0x00000000e2a00000|100%| O|  |TAMS 0x00000000e2a00000, 0x00000000e2900000| Untracked 
|  42|0x00000000e2a00000, 0x00000000e2b00000, 0x00000000e2b00000|100%| O|  |TAMS 0x00000000e2b00000, 0x00000000e2a00000| Untracked 
|  43|0x00000000e2b00000, 0x00000000e2c00000, 0x00000000e2c00000|100%| O|  |TAMS 0x00000000e2c00000, 0x00000000e2b00000| Untracked 
|  44|0x00000000e2c00000, 0x00000000e2d00000, 0x00000000e2d00000|100%| O|  |TAMS 0x00000000e2d00000, 0x00000000e2c00000| Untracked 
|  45|0x00000000e2d00000, 0x00000000e2e00000, 0x00000000e2e00000|100%| O|  |TAMS 0x00000000e2e00000, 0x00000000e2d00000| Untracked 
|  46|0x00000000e2e00000, 0x00000000e2f00000, 0x00000000e2f00000|100%| O|  |TAMS 0x00000000e2f00000, 0x00000000e2e00000| Untracked 
|  47|0x00000000e2f00000, 0x00000000e3000000, 0x00000000e3000000|100%|HS|  |TAMS 0x00000000e3000000, 0x00000000e2f00000| Complete 
|  48|0x00000000e3000000, 0x00000000e3100000, 0x00000000e3100000|100%|HC|  |TAMS 0x00000000e3100000, 0x00000000e3000000| Complete 
|  49|0x00000000e3100000, 0x00000000e3100000, 0x00000000e3200000|  0%| F|  |TAMS 0x00000000e3100000, 0x00000000e3100000| Untracked 
|  50|0x00000000e3200000, 0x00000000e3300000, 0x00000000e3300000|100%|HS|  |TAMS 0x00000000e3300000, 0x00000000e3200000| Complete 
|  51|0x00000000e3300000, 0x00000000e3300000, 0x00000000e3400000|  0%| F|  |TAMS 0x00000000e3300000, 0x00000000e3300000| Untracked 
|  52|0x00000000e3400000, 0x00000000e3400000, 0x00000000e3500000|  0%| F|  |TAMS 0x00000000e3400000, 0x00000000e3400000| Untracked 
|  53|0x00000000e3500000, 0x00000000e3500000, 0x00000000e3600000|  0%| F|  |TAMS 0x00000000e3500000, 0x00000000e3500000| Untracked 
|  54|0x00000000e3600000, 0x00000000e3700000, 0x00000000e3700000|100%|HS|  |TAMS 0x00000000e3700000, 0x00000000e3600000| Complete 
|  55|0x00000000e3700000, 0x00000000e3800000, 0x00000000e3800000|100%|HS|  |TAMS 0x00000000e3800000, 0x00000000e3700000| Complete 
|  56|0x00000000e3800000, 0x00000000e3900000, 0x00000000e3900000|100%|HS|  |TAMS 0x00000000e3900000, 0x00000000e3800000| Complete 
|  57|0x00000000e3900000, 0x00000000e3a00000, 0x00000000e3a00000|100%|HC|  |TAMS 0x00000000e3a00000, 0x00000000e3900000| Complete 
|  58|0x00000000e3a00000, 0x00000000e3b00000, 0x00000000e3b00000|100%|HC|  |TAMS 0x00000000e3b00000, 0x00000000e3a00000| Complete 
|  59|0x00000000e3b00000, 0x00000000e3c00000, 0x00000000e3c00000|100%|HS|  |TAMS 0x00000000e3c00000, 0x00000000e3b00000| Complete 
|  60|0x00000000e3c00000, 0x00000000e3c00000, 0x00000000e3d00000|  0%| F|  |TAMS 0x00000000e3c00000, 0x00000000e3c00000| Untracked 
|  61|0x00000000e3d00000, 0x00000000e3d00000, 0x00000000e3e00000|  0%| F|  |TAMS 0x00000000e3d00000, 0x00000000e3d00000| Untracked 
|  62|0x00000000e3e00000, 0x00000000e3e00000, 0x00000000e3f00000|  0%| F|  |TAMS 0x00000000e3e00000, 0x00000000e3e00000| Untracked 
|  63|0x00000000e3f00000, 0x00000000e4000000, 0x00000000e4000000|100%|HS|  |TAMS 0x00000000e4000000, 0x00000000e3f00000| Complete 
|  64|0x00000000e4000000, 0x00000000e4000000, 0x00000000e4100000|  0%| F|  |TAMS 0x00000000e4000000, 0x00000000e4000000| Untracked 
|  65|0x00000000e4100000, 0x00000000e4200000, 0x00000000e4200000|100%|HS|  |TAMS 0x00000000e4200000, 0x00000000e4100000| Complete 
|  66|0x00000000e4200000, 0x00000000e4300000, 0x00000000e4300000|100%|HC|  |TAMS 0x00000000e4300000, 0x00000000e4200000| Complete 
|  67|0x00000000e4300000, 0x00000000e4300000, 0x00000000e4400000|  0%| F|  |TAMS 0x00000000e4300000, 0x00000000e4300000| Untracked 
|  68|0x00000000e4400000, 0x00000000e44be7a0, 0x00000000e4500000| 74%| E|  |TAMS 0x00000000e4400000, 0x00000000e4400000| Complete 
|  69|0x00000000e4500000, 0x00000000e4600000, 0x00000000e4600000|100%| E|CS|TAMS 0x00000000e4500000, 0x00000000e4500000| Complete 
|  70|0x00000000e4600000, 0x00000000e4700000, 0x00000000e4700000|100%| E|CS|TAMS 0x00000000e4600000, 0x00000000e4600000| Complete 
|  71|0x00000000e4700000, 0x00000000e4800000, 0x00000000e4800000|100%|HS|  |TAMS 0x00000000e4800000, 0x00000000e4700000| Complete 
|  72|0x00000000e4800000, 0x00000000e4900000, 0x00000000e4900000|100%| E|CS|TAMS 0x00000000e4800000, 0x00000000e4800000| Complete 
|  73|0x00000000e4900000, 0x00000000e4a00000, 0x00000000e4a00000|100%| E|CS|TAMS 0x00000000e4900000, 0x00000000e4900000| Complete 
|  74|0x00000000e4a00000, 0x00000000e4b00000, 0x00000000e4b00000|100%| E|CS|TAMS 0x00000000e4a00000, 0x00000000e4a00000| Complete 
|  75|0x00000000e4b00000, 0x00000000e4c00000, 0x00000000e4c00000|100%|HS|  |TAMS 0x00000000e4c00000, 0x00000000e4b00000| Complete 
|  76|0x00000000e4c00000, 0x00000000e4d00000, 0x00000000e4d00000|100%| E|CS|TAMS 0x00000000e4c00000, 0x00000000e4c00000| Complete 
|  77|0x00000000e4d00000, 0x00000000e4e00000, 0x00000000e4e00000|100%| E|CS|TAMS 0x00000000e4d00000, 0x00000000e4d00000| Complete 
|  78|0x00000000e4e00000, 0x00000000e4f00000, 0x00000000e4f00000|100%| E|CS|TAMS 0x00000000e4e00000, 0x00000000e4e00000| Complete 
|  79|0x00000000e4f00000, 0x00000000e5000000, 0x00000000e5000000|100%|HS|  |TAMS 0x00000000e5000000, 0x00000000e4f00000| Complete 
|  80|0x00000000e5000000, 0x00000000e5100000, 0x00000000e5100000|100%|HS|  |TAMS 0x00000000e5100000, 0x00000000e5000000| Complete 
|  81|0x00000000e5100000, 0x00000000e5200000, 0x00000000e5200000|100%|HC|  |TAMS 0x00000000e5200000, 0x00000000e5100000| Complete 
|  82|0x00000000e5200000, 0x00000000e5300000, 0x00000000e5300000|100%| E|CS|TAMS 0x00000000e5200000, 0x00000000e5200000| Complete 
|  83|0x00000000e5300000, 0x00000000e5400000, 0x00000000e5400000|100%| E|CS|TAMS 0x00000000e5300000, 0x00000000e5300000| Complete 
|  84|0x00000000e5400000, 0x00000000e5500000, 0x00000000e5500000|100%| E|CS|TAMS 0x00000000e5400000, 0x00000000e5400000| Complete 
|  85|0x00000000e5500000, 0x00000000e5600000, 0x00000000e5600000|100%|HS|  |TAMS 0x00000000e5600000, 0x00000000e5500000| Complete 
|  86|0x00000000e5600000, 0x00000000e5700000, 0x00000000e5700000|100%|HS|  |TAMS 0x00000000e5600000, 0x00000000e5600000| Complete 
|  87|0x00000000e5700000, 0x00000000e5800000, 0x00000000e5800000|100%|HC|  |TAMS 0x00000000e5700000, 0x00000000e5700000| Complete 
|  88|0x00000000e5800000, 0x00000000e5900000, 0x00000000e5900000|100%|HC|  |TAMS 0x00000000e5800000, 0x00000000e5800000| Complete 
|  89|0x00000000e5900000, 0x00000000e5a00000, 0x00000000e5a00000|100%|HC|  |TAMS 0x00000000e5900000, 0x00000000e5900000| Complete 
|  90|0x00000000e5a00000, 0x00000000e5b00000, 0x00000000e5b00000|100%|HC|  |TAMS 0x00000000e5a00000, 0x00000000e5a00000| Complete 
|  91|0x00000000e5b00000, 0x00000000e5c00000, 0x00000000e5c00000|100%| E|CS|TAMS 0x00000000e5b00000, 0x00000000e5b00000| Complete 
|  92|0x00000000e5c00000, 0x00000000e5d00000, 0x00000000e5d00000|100%| O|  |TAMS 0x00000000e5d00000, 0x00000000e5c00000| Untracked 
|  93|0x00000000e5d00000, 0x00000000e5e00000, 0x00000000e5e00000|100%| O|  |TAMS 0x00000000e5e00000, 0x00000000e5d00000| Untracked 
|  94|0x00000000e5e00000, 0x00000000e5f00000, 0x00000000e5f00000|100%| O|  |TAMS 0x00000000e5f00000, 0x00000000e5e00000| Untracked 
|  95|0x00000000e5f00000, 0x00000000e6000000, 0x00000000e6000000|100%| O|  |TAMS 0x00000000e6000000, 0x00000000e5f00000| Untracked 
|  96|0x00000000e6000000, 0x00000000e6100000, 0x00000000e6100000|100%| O|  |TAMS 0x00000000e6100000, 0x00000000e6000000| Untracked 
|  97|0x00000000e6100000, 0x00000000e6200000, 0x00000000e6200000|100%| O|  |TAMS 0x00000000e6200000, 0x00000000e6100000| Untracked 
|  98|0x00000000e6200000, 0x00000000e6300000, 0x00000000e6300000|100%| O|  |TAMS 0x00000000e6300000, 0x00000000e6200000| Untracked 
|  99|0x00000000e6300000, 0x00000000e6400000, 0x00000000e6400000|100%| O|  |TAMS 0x00000000e6400000, 0x00000000e6300000| Untracked 
| 100|0x00000000e6400000, 0x00000000e6500000, 0x00000000e6500000|100%| O|  |TAMS 0x00000000e6500000, 0x00000000e6400000| Untracked 
| 101|0x00000000e6500000, 0x00000000e6580000, 0x00000000e6600000| 50%| O|  |TAMS 0x00000000e6580000, 0x00000000e6500000| Untracked 
| 102|0x00000000e6600000, 0x00000000e6700000, 0x00000000e6700000|100%| E|CS|TAMS 0x00000000e6600000, 0x00000000e6600000| Complete 
| 103|0x00000000e6700000, 0x00000000e6800000, 0x00000000e6800000|100%| E|CS|TAMS 0x00000000e6700000, 0x00000000e6700000| Complete 
| 104|0x00000000e6800000, 0x00000000e6900000, 0x00000000e6900000|100%| E|CS|TAMS 0x00000000e6800000, 0x00000000e6800000| Complete 
| 105|0x00000000e6900000, 0x00000000e6a00000, 0x00000000e6a00000|100%| E|  |TAMS 0x00000000e6900000, 0x00000000e6900000| Complete 
| 106|0x00000000e6a00000, 0x00000000e6b00000, 0x00000000e6b00000|100%| E|CS|TAMS 0x00000000e6a00000, 0x00000000e6a00000| Complete 
| 107|0x00000000e6b00000, 0x00000000e6c00000, 0x00000000e6c00000|100%|HS|  |TAMS 0x00000000e6c00000, 0x00000000e6b00000| Complete 
| 108|0x00000000e6c00000, 0x00000000e6d00000, 0x00000000e6d00000|100%|HC|  |TAMS 0x00000000e6d00000, 0x00000000e6c00000| Complete 
| 109|0x00000000e6d00000, 0x00000000e6e00000, 0x00000000e6e00000|100%| E|CS|TAMS 0x00000000e6d00000, 0x00000000e6d00000| Complete 
| 110|0x00000000e6e00000, 0x00000000e6f00000, 0x00000000e6f00000|100%| E|CS|TAMS 0x00000000e6e00000, 0x00000000e6e00000| Complete 
| 111|0x00000000e6f00000, 0x00000000e7000000, 0x00000000e7000000|100%|HS|  |TAMS 0x00000000e7000000, 0x00000000e6f00000| Complete 
| 112|0x00000000e7000000, 0x00000000e7100000, 0x00000000e7100000|100%| E|CS|TAMS 0x00000000e7000000, 0x00000000e7000000| Complete 
| 113|0x00000000e7100000, 0x00000000e7200000, 0x00000000e7200000|100%| E|CS|TAMS 0x00000000e7100000, 0x00000000e7100000| Complete 
| 114|0x00000000e7200000, 0x00000000e7300000, 0x00000000e7300000|100%| E|CS|TAMS 0x00000000e7200000, 0x00000000e7200000| Complete 
| 115|0x00000000e7300000, 0x00000000e7400000, 0x00000000e7400000|100%|HS|  |TAMS 0x00000000e7400000, 0x00000000e7300000| Complete 
| 116|0x00000000e7400000, 0x00000000e7500000, 0x00000000e7500000|100%| E|CS|TAMS 0x00000000e7400000, 0x00000000e7400000| Complete 
| 117|0x00000000e7500000, 0x00000000e7600000, 0x00000000e7600000|100%| E|CS|TAMS 0x00000000e7500000, 0x00000000e7500000| Complete 
| 118|0x00000000e7600000, 0x00000000e7700000, 0x00000000e7700000|100%| E|CS|TAMS 0x00000000e7600000, 0x00000000e7600000| Complete 
| 119|0x00000000e7700000, 0x00000000e7800000, 0x00000000e7800000|100%|HS|  |TAMS 0x00000000e7800000, 0x00000000e7700000| Complete 
| 120|0x00000000e7800000, 0x00000000e7900000, 0x00000000e7900000|100%|HS|  |TAMS 0x00000000e7800000, 0x00000000e7800000| Complete 
| 121|0x00000000e7900000, 0x00000000e7a00000, 0x00000000e7a00000|100%|HC|  |TAMS 0x00000000e7900000, 0x00000000e7900000| Complete 
| 122|0x00000000e7a00000, 0x00000000e7b00000, 0x00000000e7b00000|100%|HC|  |TAMS 0x00000000e7a00000, 0x00000000e7a00000| Complete 
| 123|0x00000000e7b00000, 0x00000000e7c00000, 0x00000000e7c00000|100%|HC|  |TAMS 0x00000000e7b00000, 0x00000000e7b00000| Complete 
| 124|0x00000000e7c00000, 0x00000000e7d00000, 0x00000000e7d00000|100%|HC|  |TAMS 0x00000000e7c00000, 0x00000000e7c00000| Complete 
| 125|0x00000000e7d00000, 0x00000000e7e00000, 0x00000000e7e00000|100%|HC|  |TAMS 0x00000000e7d00000, 0x00000000e7d00000| Complete 
| 126|0x00000000e7e00000, 0x00000000e7f00000, 0x00000000e7f00000|100%|HC|  |TAMS 0x00000000e7e00000, 0x00000000e7e00000| Complete 
| 127|0x00000000e7f00000, 0x00000000e8000000, 0x00000000e8000000|100%|HC|  |TAMS 0x00000000e7f00000, 0x00000000e7f00000| Complete 
| 128|0x00000000e8000000, 0x00000000e8100000, 0x00000000e8100000|100%|HC|  |TAMS 0x00000000e8000000, 0x00000000e8000000| Complete 
| 129|0x00000000e8100000, 0x00000000e8200000, 0x00000000e8200000|100%| E|CS|TAMS 0x00000000e8100000, 0x00000000e8100000| Complete 
| 130|0x00000000e8200000, 0x00000000e8300000, 0x00000000e8300000|100%| O|  |TAMS 0x00000000e8300000, 0x00000000e8200000| Untracked 
| 131|0x00000000e8300000, 0x00000000e8400000, 0x00000000e8400000|100%| O|  |TAMS 0x00000000e8400000, 0x00000000e8300000| Untracked 
| 132|0x00000000e8400000, 0x00000000e8500000, 0x00000000e8500000|100%| O|  |TAMS 0x00000000e8500000, 0x00000000e8400000| Untracked 
| 133|0x00000000e8500000, 0x00000000e8600000, 0x00000000e8600000|100%| O|  |TAMS 0x00000000e8600000, 0x00000000e8500000| Untracked 
| 134|0x00000000e8600000, 0x00000000e8700000, 0x00000000e8700000|100%| O|  |TAMS 0x00000000e8700000, 0x00000000e8600000| Untracked 
| 135|0x00000000e8700000, 0x00000000e8800000, 0x00000000e8800000|100%| O|  |TAMS 0x00000000e8800000, 0x00000000e8700000| Untracked 
| 136|0x00000000e8800000, 0x00000000e8900000, 0x00000000e8900000|100%| O|  |TAMS 0x00000000e8900000, 0x00000000e8800000| Untracked 
| 137|0x00000000e8900000, 0x00000000e8a00000, 0x00000000e8a00000|100%| O|  |TAMS 0x00000000e8a00000, 0x00000000e8900000| Untracked 
| 138|0x00000000e8a00000, 0x00000000e8b00000, 0x00000000e8b00000|100%| O|  |TAMS 0x00000000e8b00000, 0x00000000e8a00000| Untracked 
| 139|0x00000000e8b00000, 0x00000000e8c00000, 0x00000000e8c00000|100%| O|  |TAMS 0x00000000e8c00000, 0x00000000e8b00000| Untracked 
| 140|0x00000000e8c00000, 0x00000000e8d00000, 0x00000000e8d00000|100%| O|  |TAMS 0x00000000e8d00000, 0x00000000e8c00000| Untracked 
| 141|0x00000000e8d00000, 0x00000000e8e00000, 0x00000000e8e00000|100%| O|  |TAMS 0x00000000e8e00000, 0x00000000e8d00000| Untracked 
| 142|0x00000000e8e00000, 0x00000000e8f00000, 0x00000000e8f00000|100%| O|  |TAMS 0x00000000e8f00000, 0x00000000e8e00000| Untracked 
| 143|0x00000000e8f00000, 0x00000000e9000000, 0x00000000e9000000|100%| O|  |TAMS 0x00000000e9000000, 0x00000000e8f00000| Untracked 
| 144|0x00000000e9000000, 0x00000000e9100000, 0x00000000e9100000|100%| O|  |TAMS 0x00000000e9100000, 0x00000000e9000000| Untracked 
| 145|0x00000000e9100000, 0x00000000e9200000, 0x00000000e9200000|100%|HS|  |TAMS 0x00000000e9100000, 0x00000000e9100000| Complete 
| 146|0x00000000e9200000, 0x00000000e9300000, 0x00000000e9300000|100%|HC|  |TAMS 0x00000000e9200000, 0x00000000e9200000| Complete 
| 147|0x00000000e9300000, 0x00000000e9400000, 0x00000000e9400000|100%|HC|  |TAMS 0x00000000e9300000, 0x00000000e9300000| Complete 
| 148|0x00000000e9400000, 0x00000000e9500000, 0x00000000e9500000|100%|HC|  |TAMS 0x00000000e9400000, 0x00000000e9400000| Complete 
| 149|0x00000000e9500000, 0x00000000e9600000, 0x00000000e9600000|100%|HC|  |TAMS 0x00000000e9500000, 0x00000000e9500000| Complete 
| 150|0x00000000e9600000, 0x00000000e9700000, 0x00000000e9700000|100%|HC|  |TAMS 0x00000000e9600000, 0x00000000e9600000| Complete 
| 151|0x00000000e9700000, 0x00000000e9800000, 0x00000000e9800000|100%|HC|  |TAMS 0x00000000e9700000, 0x00000000e9700000| Complete 
| 152|0x00000000e9800000, 0x00000000e9900000, 0x00000000e9900000|100%|HC|  |TAMS 0x00000000e9800000, 0x00000000e9800000| Complete 
| 153|0x00000000e9900000, 0x00000000e9a00000, 0x00000000e9a00000|100%|HC|  |TAMS 0x00000000e9900000, 0x00000000e9900000| Complete 
| 154|0x00000000e9a00000, 0x00000000e9b00000, 0x00000000e9b00000|100%|HC|  |TAMS 0x00000000e9a00000, 0x00000000e9a00000| Complete 
| 155|0x00000000e9b00000, 0x00000000e9c00000, 0x00000000e9c00000|100%|HC|  |TAMS 0x00000000e9b00000, 0x00000000e9b00000| Complete 
| 156|0x00000000e9c00000, 0x00000000e9d00000, 0x00000000e9d00000|100%|HC|  |TAMS 0x00000000e9c00000, 0x00000000e9c00000| Complete 
| 157|0x00000000e9d00000, 0x00000000e9e00000, 0x00000000e9e00000|100%|HC|  |TAMS 0x00000000e9d00000, 0x00000000e9d00000| Complete 
| 158|0x00000000e9e00000, 0x00000000e9f00000, 0x00000000e9f00000|100%|HC|  |TAMS 0x00000000e9e00000, 0x00000000e9e00000| Complete 
| 159|0x00000000e9f00000, 0x00000000ea000000, 0x00000000ea000000|100%|HC|  |TAMS 0x00000000e9f00000, 0x00000000e9f00000| Complete 
| 160|0x00000000ea000000, 0x00000000ea100000, 0x00000000ea100000|100%|HC|  |TAMS 0x00000000ea000000, 0x00000000ea000000| Complete 
| 161|0x00000000ea100000, 0x00000000ea200000, 0x00000000ea200000|100%|HC|  |TAMS 0x00000000ea100000, 0x00000000ea100000| Complete 
| 162|0x00000000ea200000, 0x00000000ea300000, 0x00000000ea300000|100%|HS|  |TAMS 0x00000000ea300000, 0x00000000ea200000| Complete 
| 163|0x00000000ea300000, 0x00000000ea400000, 0x00000000ea400000|100%|HC|  |TAMS 0x00000000ea400000, 0x00000000ea300000| Complete 
| 164|0x00000000ea400000, 0x00000000ea500000, 0x00000000ea500000|100%|HC|  |TAMS 0x00000000ea500000, 0x00000000ea400000| Complete 
| 165|0x00000000ea500000, 0x00000000ea600000, 0x00000000ea600000|100%|HC|  |TAMS 0x00000000ea600000, 0x00000000ea500000| Complete 
| 166|0x00000000ea600000, 0x00000000ea700000, 0x00000000ea700000|100%|HC|  |TAMS 0x00000000ea700000, 0x00000000ea600000| Complete 
| 167|0x00000000ea700000, 0x00000000ea800000, 0x00000000ea800000|100%|HC|  |TAMS 0x00000000ea800000, 0x00000000ea700000| Complete 
| 168|0x00000000ea800000, 0x00000000ea900000, 0x00000000ea900000|100%|HC|  |TAMS 0x00000000ea900000, 0x00000000ea800000| Complete 
| 169|0x00000000ea900000, 0x00000000eaa00000, 0x00000000eaa00000|100%|HC|  |TAMS 0x00000000eaa00000, 0x00000000ea900000| Complete 
| 170|0x00000000eaa00000, 0x00000000eab00000, 0x00000000eab00000|100%|HC|  |TAMS 0x00000000eab00000, 0x00000000eaa00000| Complete 
| 171|0x00000000eab00000, 0x00000000eac00000, 0x00000000eac00000|100%|HC|  |TAMS 0x00000000eac00000, 0x00000000eab00000| Complete 
| 172|0x00000000eac00000, 0x00000000ead00000, 0x00000000ead00000|100%|HC|  |TAMS 0x00000000ead00000, 0x00000000eac00000| Complete 
| 173|0x00000000ead00000, 0x00000000eae00000, 0x00000000eae00000|100%|HS|  |TAMS 0x00000000eae00000, 0x00000000ead00000| Complete 
| 174|0x00000000eae00000, 0x00000000eaf00000, 0x00000000eaf00000|100%|HC|  |TAMS 0x00000000eaf00000, 0x00000000eae00000| Complete 
| 175|0x00000000eaf00000, 0x00000000eb000000, 0x00000000eb000000|100%|HC|  |TAMS 0x00000000eb000000, 0x00000000eaf00000| Complete 
| 176|0x00000000eb000000, 0x00000000eb100000, 0x00000000eb100000|100%|HC|  |TAMS 0x00000000eb100000, 0x00000000eb000000| Complete 
| 177|0x00000000eb100000, 0x00000000eb200000, 0x00000000eb200000|100%|HC|  |TAMS 0x00000000eb200000, 0x00000000eb100000| Complete 
| 178|0x00000000eb200000, 0x00000000eb300000, 0x00000000eb300000|100%|HC|  |TAMS 0x00000000eb300000, 0x00000000eb200000| Complete 
| 179|0x00000000eb300000, 0x00000000eb400000, 0x00000000eb400000|100%|HC|  |TAMS 0x00000000eb400000, 0x00000000eb300000| Complete 
| 180|0x00000000eb400000, 0x00000000eb500000, 0x00000000eb500000|100%|HC|  |TAMS 0x00000000eb500000, 0x00000000eb400000| Complete 
| 181|0x00000000eb500000, 0x00000000eb600000, 0x00000000eb600000|100%|HC|  |TAMS 0x00000000eb600000, 0x00000000eb500000| Complete 
| 182|0x00000000eb600000, 0x00000000eb700000, 0x00000000eb700000|100%| E|CS|TAMS 0x00000000eb600000, 0x00000000eb600000| Complete 
| 183|0x00000000eb700000, 0x00000000eb800000, 0x00000000eb800000|100%| E|CS|TAMS 0x00000000eb700000, 0x00000000eb700000| Complete 
| 184|0x00000000eb800000, 0x00000000eb900000, 0x00000000eb900000|100%| E|CS|TAMS 0x00000000eb800000, 0x00000000eb800000| Complete 
| 185|0x00000000eb900000, 0x00000000eba00000, 0x00000000eba00000|100%| E|CS|TAMS 0x00000000eb900000, 0x00000000eb900000| Complete 
| 186|0x00000000eba00000, 0x00000000ebb00000, 0x00000000ebb00000|100%| E|CS|TAMS 0x00000000eba00000, 0x00000000eba00000| Complete 
| 187|0x00000000ebb00000, 0x00000000ebc00000, 0x00000000ebc00000|100%| E|CS|TAMS 0x00000000ebb00000, 0x00000000ebb00000| Complete 
| 188|0x00000000ebc00000, 0x00000000ebd00000, 0x00000000ebd00000|100%| E|CS|TAMS 0x00000000ebc00000, 0x00000000ebc00000| Complete 
| 189|0x00000000ebd00000, 0x00000000ebe00000, 0x00000000ebe00000|100%| E|CS|TAMS 0x00000000ebd00000, 0x00000000ebd00000| Complete 
| 190|0x00000000ebe00000, 0x00000000ebf00000, 0x00000000ebf00000|100%|HS|  |TAMS 0x00000000ebf00000, 0x00000000ebe00000| Complete 
| 191|0x00000000ebf00000, 0x00000000ec000000, 0x00000000ec000000|100%|HC|  |TAMS 0x00000000ec000000, 0x00000000ebf00000| Complete 
| 192|0x00000000ec000000, 0x00000000ec100000, 0x00000000ec100000|100%|HC|  |TAMS 0x00000000ec100000, 0x00000000ec000000| Complete 
| 193|0x00000000ec100000, 0x00000000ec200000, 0x00000000ec200000|100%|HC|  |TAMS 0x00000000ec200000, 0x00000000ec100000| Complete 
| 194|0x00000000ec200000, 0x00000000ec300000, 0x00000000ec300000|100%|HC|  |TAMS 0x00000000ec300000, 0x00000000ec200000| Complete 
| 195|0x00000000ec300000, 0x00000000ec400000, 0x00000000ec400000|100%|HC|  |TAMS 0x00000000ec400000, 0x00000000ec300000| Complete 
| 196|0x00000000ec400000, 0x00000000ec500000, 0x00000000ec500000|100%|HC|  |TAMS 0x00000000ec500000, 0x00000000ec400000| Complete 
| 197|0x00000000ec500000, 0x00000000ec600000, 0x00000000ec600000|100%|HC|  |TAMS 0x00000000ec600000, 0x00000000ec500000| Complete 
| 198|0x00000000ec600000, 0x00000000ec700000, 0x00000000ec700000|100%|HC|  |TAMS 0x00000000ec700000, 0x00000000ec600000| Complete 
| 199|0x00000000ec700000, 0x00000000ec800000, 0x00000000ec800000|100%|HS|  |TAMS 0x00000000ec700000, 0x00000000ec700000| Complete 
| 200|0x00000000ec800000, 0x00000000ec900000, 0x00000000ec900000|100%|HC|  |TAMS 0x00000000ec800000, 0x00000000ec800000| Complete 
| 201|0x00000000ec900000, 0x00000000eca00000, 0x00000000eca00000|100%|HC|  |TAMS 0x00000000ec900000, 0x00000000ec900000| Complete 
| 202|0x00000000eca00000, 0x00000000ecb00000, 0x00000000ecb00000|100%|HC|  |TAMS 0x00000000eca00000, 0x00000000eca00000| Complete 
| 203|0x00000000ecb00000, 0x00000000ecc00000, 0x00000000ecc00000|100%|HC|  |TAMS 0x00000000ecb00000, 0x00000000ecb00000| Complete 
| 204|0x00000000ecc00000, 0x00000000ecd00000, 0x00000000ecd00000|100%|HC|  |TAMS 0x00000000ecc00000, 0x00000000ecc00000| Complete 
| 205|0x00000000ecd00000, 0x00000000ece00000, 0x00000000ece00000|100%|HC|  |TAMS 0x00000000ecd00000, 0x00000000ecd00000| Complete 
| 206|0x00000000ece00000, 0x00000000ecf00000, 0x00000000ecf00000|100%|HC|  |TAMS 0x00000000ece00000, 0x00000000ece00000| Complete 
| 207|0x00000000ecf00000, 0x00000000ed000000, 0x00000000ed000000|100%|HC|  |TAMS 0x00000000ecf00000, 0x00000000ecf00000| Complete 
| 208|0x00000000ed000000, 0x00000000ed100000, 0x00000000ed100000|100%|HC|  |TAMS 0x00000000ed000000, 0x00000000ed000000| Complete 
| 209|0x00000000ed100000, 0x00000000ed200000, 0x00000000ed200000|100%|HC|  |TAMS 0x00000000ed100000, 0x00000000ed100000| Complete 
| 210|0x00000000ed200000, 0x00000000ed300000, 0x00000000ed300000|100%| E|CS|TAMS 0x00000000ed200000, 0x00000000ed200000| Complete 
| 211|0x00000000ed300000, 0x00000000ed400000, 0x00000000ed400000|100%| E|CS|TAMS 0x00000000ed300000, 0x00000000ed300000| Complete 
| 212|0x00000000ed400000, 0x00000000ed500000, 0x00000000ed500000|100%| E|CS|TAMS 0x00000000ed400000, 0x00000000ed400000| Complete 
| 213|0x00000000ed500000, 0x00000000ed600000, 0x00000000ed600000|100%| E|CS|TAMS 0x00000000ed500000, 0x00000000ed500000| Complete 
| 214|0x00000000ed600000, 0x00000000ed700000, 0x00000000ed700000|100%| E|CS|TAMS 0x00000000ed600000, 0x00000000ed600000| Complete 
| 215|0x00000000ed700000, 0x00000000ed800000, 0x00000000ed800000|100%| E|CS|TAMS 0x00000000ed700000, 0x00000000ed700000| Complete 
| 216|0x00000000ed800000, 0x00000000ed900000, 0x00000000ed900000|100%| E|CS|TAMS 0x00000000ed800000, 0x00000000ed800000| Complete 
| 217|0x00000000ed900000, 0x00000000eda00000, 0x00000000eda00000|100%| E|CS|TAMS 0x00000000ed900000, 0x00000000ed900000| Complete 
| 218|0x00000000eda00000, 0x00000000edb00000, 0x00000000edb00000|100%| E|CS|TAMS 0x00000000eda00000, 0x00000000eda00000| Complete 
| 219|0x00000000edb00000, 0x00000000edc00000, 0x00000000edc00000|100%| E|CS|TAMS 0x00000000edb00000, 0x00000000edb00000| Complete 
| 220|0x00000000edc00000, 0x00000000edd00000, 0x00000000edd00000|100%| E|CS|TAMS 0x00000000edc00000, 0x00000000edc00000| Complete 
| 221|0x00000000edd00000, 0x00000000ede00000, 0x00000000ede00000|100%| E|CS|TAMS 0x00000000edd00000, 0x00000000edd00000| Complete 
| 222|0x00000000ede00000, 0x00000000edf00000, 0x00000000edf00000|100%| E|CS|TAMS 0x00000000ede00000, 0x00000000ede00000| Complete 
| 223|0x00000000edf00000, 0x00000000ee000000, 0x00000000ee000000|100%| E|CS|TAMS 0x00000000edf00000, 0x00000000edf00000| Complete 
| 224|0x00000000ee000000, 0x00000000ee100000, 0x00000000ee100000|100%| E|CS|TAMS 0x00000000ee000000, 0x00000000ee000000| Complete 
| 225|0x00000000ee100000, 0x00000000ee200000, 0x00000000ee200000|100%| E|CS|TAMS 0x00000000ee100000, 0x00000000ee100000| Complete 
| 226|0x00000000ee200000, 0x00000000ee300000, 0x00000000ee300000|100%| E|CS|TAMS 0x00000000ee200000, 0x00000000ee200000| Complete 
| 227|0x00000000ee300000, 0x00000000ee3d4ee8, 0x00000000ee400000| 83%| S|CS|TAMS 0x00000000ee300000, 0x00000000ee300000| Complete 
| 228|0x00000000ee400000, 0x00000000ee500000, 0x00000000ee500000|100%| S|CS|TAMS 0x00000000ee400000, 0x00000000ee400000| Complete 
| 229|0x00000000ee500000, 0x00000000ee600000, 0x00000000ee600000|100%| S|CS|TAMS 0x00000000ee500000, 0x00000000ee500000| Complete 
| 230|0x00000000ee600000, 0x00000000ee700000, 0x00000000ee700000|100%| S|CS|TAMS 0x00000000ee600000, 0x00000000ee600000| Complete 
| 231|0x00000000ee700000, 0x00000000ee800000, 0x00000000ee800000|100%| S|CS|TAMS 0x00000000ee700000, 0x00000000ee700000| Complete 
| 232|0x00000000ee800000, 0x00000000ee900000, 0x00000000ee900000|100%| S|CS|TAMS 0x00000000ee800000, 0x00000000ee800000| Complete 
| 233|0x00000000ee900000, 0x00000000eea00000, 0x00000000eea00000|100%| S|CS|TAMS 0x00000000ee900000, 0x00000000ee900000| Complete 
| 234|0x00000000eea00000, 0x00000000eeb00000, 0x00000000eeb00000|100%| E|CS|TAMS 0x00000000eea00000, 0x00000000eea00000| Complete 
| 235|0x00000000eeb00000, 0x00000000eec00000, 0x00000000eec00000|100%| E|CS|TAMS 0x00000000eeb00000, 0x00000000eeb00000| Complete 
| 236|0x00000000eec00000, 0x00000000eed00000, 0x00000000eed00000|100%| E|CS|TAMS 0x00000000eec00000, 0x00000000eec00000| Complete 
| 237|0x00000000eed00000, 0x00000000eee00000, 0x00000000eee00000|100%| E|CS|TAMS 0x00000000eed00000, 0x00000000eed00000| Complete 
| 238|0x00000000eee00000, 0x00000000eef00000, 0x00000000eef00000|100%| E|CS|TAMS 0x00000000eee00000, 0x00000000eee00000| Complete 
| 239|0x00000000eef00000, 0x00000000ef000000, 0x00000000ef000000|100%| E|CS|TAMS 0x00000000eef00000, 0x00000000eef00000| Complete 
| 240|0x00000000ef000000, 0x00000000ef100000, 0x00000000ef100000|100%| E|CS|TAMS 0x00000000ef000000, 0x00000000ef000000| Complete 
| 241|0x00000000ef100000, 0x00000000ef200000, 0x00000000ef200000|100%| E|CS|TAMS 0x00000000ef100000, 0x00000000ef100000| Complete 
| 242|0x00000000ef200000, 0x00000000ef300000, 0x00000000ef300000|100%| E|CS|TAMS 0x00000000ef200000, 0x00000000ef200000| Complete 
| 243|0x00000000ef300000, 0x00000000ef400000, 0x00000000ef400000|100%| E|CS|TAMS 0x00000000ef300000, 0x00000000ef300000| Complete 
| 244|0x00000000ef400000, 0x00000000ef500000, 0x00000000ef500000|100%| E|CS|TAMS 0x00000000ef400000, 0x00000000ef400000| Complete 
| 245|0x00000000ef500000, 0x00000000ef600000, 0x00000000ef600000|100%| E|CS|TAMS 0x00000000ef500000, 0x00000000ef500000| Complete 
| 246|0x00000000ef600000, 0x00000000ef700000, 0x00000000ef700000|100%| E|CS|TAMS 0x00000000ef600000, 0x00000000ef600000| Complete 
| 247|0x00000000ef700000, 0x00000000ef800000, 0x00000000ef800000|100%| E|CS|TAMS 0x00000000ef700000, 0x00000000ef700000| Complete 
| 248|0x00000000ef800000, 0x00000000ef900000, 0x00000000ef900000|100%| E|CS|TAMS 0x00000000ef800000, 0x00000000ef800000| Complete 
| 249|0x00000000ef900000, 0x00000000efa00000, 0x00000000efa00000|100%| E|CS|TAMS 0x00000000ef900000, 0x00000000ef900000| Complete 
| 250|0x00000000efa00000, 0x00000000efb00000, 0x00000000efb00000|100%| E|CS|TAMS 0x00000000efa00000, 0x00000000efa00000| Complete 
| 251|0x00000000efb00000, 0x00000000efc00000, 0x00000000efc00000|100%| E|CS|TAMS 0x00000000efb00000, 0x00000000efb00000| Complete 
| 252|0x00000000efc00000, 0x00000000efd00000, 0x00000000efd00000|100%| E|CS|TAMS 0x00000000efc00000, 0x00000000efc00000| Complete 
| 253|0x00000000efd00000, 0x00000000efe00000, 0x00000000efe00000|100%| E|CS|TAMS 0x00000000efd00000, 0x00000000efd00000| Complete 
| 254|0x00000000efe00000, 0x00000000eff00000, 0x00000000eff00000|100%| E|CS|TAMS 0x00000000efe00000, 0x00000000efe00000| Complete 
| 255|0x00000000eff00000, 0x00000000f0000000, 0x00000000f0000000|100%| E|CS|TAMS 0x00000000eff00000, 0x00000000eff00000| Complete 
| 256|0x00000000f0000000, 0x00000000f0100000, 0x00000000f0100000|100%| E|CS|TAMS 0x00000000f0000000, 0x00000000f0000000| Complete 
| 257|0x00000000f0100000, 0x00000000f0200000, 0x00000000f0200000|100%| E|CS|TAMS 0x00000000f0100000, 0x00000000f0100000| Complete 
| 258|0x00000000f0200000, 0x00000000f0300000, 0x00000000f0300000|100%| E|CS|TAMS 0x00000000f0200000, 0x00000000f0200000| Complete 
| 259|0x00000000f0300000, 0x00000000f0400000, 0x00000000f0400000|100%| E|CS|TAMS 0x00000000f0300000, 0x00000000f0300000| Complete 
| 260|0x00000000f0400000, 0x00000000f0500000, 0x00000000f0500000|100%| E|CS|TAMS 0x00000000f0400000, 0x00000000f0400000| Complete 
| 261|0x00000000f0500000, 0x00000000f0600000, 0x00000000f0600000|100%| E|CS|TAMS 0x00000000f0500000, 0x00000000f0500000| Complete 
| 262|0x00000000f0600000, 0x00000000f0700000, 0x00000000f0700000|100%| E|CS|TAMS 0x00000000f0600000, 0x00000000f0600000| Complete 
| 263|0x00000000f0700000, 0x00000000f0800000, 0x00000000f0800000|100%| E|CS|TAMS 0x00000000f0700000, 0x00000000f0700000| Complete 
| 264|0x00000000f0800000, 0x00000000f0900000, 0x00000000f0900000|100%| E|CS|TAMS 0x00000000f0800000, 0x00000000f0800000| Complete 
| 265|0x00000000f0900000, 0x00000000f0a00000, 0x00000000f0a00000|100%| E|CS|TAMS 0x00000000f0900000, 0x00000000f0900000| Complete 
| 266|0x00000000f0a00000, 0x00000000f0b00000, 0x00000000f0b00000|100%| E|CS|TAMS 0x00000000f0a00000, 0x00000000f0a00000| Complete 
| 267|0x00000000f0b00000, 0x00000000f0c00000, 0x00000000f0c00000|100%| E|CS|TAMS 0x00000000f0b00000, 0x00000000f0b00000| Complete 
| 268|0x00000000f0c00000, 0x00000000f0d00000, 0x00000000f0d00000|100%| E|CS|TAMS 0x00000000f0c00000, 0x00000000f0c00000| Complete 
| 269|0x00000000f0d00000, 0x00000000f0e00000, 0x00000000f0e00000|100%| E|CS|TAMS 0x00000000f0d00000, 0x00000000f0d00000| Complete 
| 270|0x00000000f0e00000, 0x00000000f0f00000, 0x00000000f0f00000|100%| E|CS|TAMS 0x00000000f0e00000, 0x00000000f0e00000| Complete 
| 271|0x00000000f0f00000, 0x00000000f1000000, 0x00000000f1000000|100%| E|CS|TAMS 0x00000000f0f00000, 0x00000000f0f00000| Complete 
| 272|0x00000000f1000000, 0x00000000f1100000, 0x00000000f1100000|100%| E|CS|TAMS 0x00000000f1000000, 0x00000000f1000000| Complete 
| 273|0x00000000f1100000, 0x00000000f1200000, 0x00000000f1200000|100%| E|CS|TAMS 0x00000000f1100000, 0x00000000f1100000| Complete 
| 274|0x00000000f1200000, 0x00000000f1300000, 0x00000000f1300000|100%| E|CS|TAMS 0x00000000f1200000, 0x00000000f1200000| Complete 
| 275|0x00000000f1300000, 0x00000000f1400000, 0x00000000f1400000|100%| E|CS|TAMS 0x00000000f1300000, 0x00000000f1300000| Complete 
| 276|0x00000000f1400000, 0x00000000f1500000, 0x00000000f1500000|100%| E|CS|TAMS 0x00000000f1400000, 0x00000000f1400000| Complete 
| 277|0x00000000f1500000, 0x00000000f1600000, 0x00000000f1600000|100%| E|CS|TAMS 0x00000000f1500000, 0x00000000f1500000| Complete 
| 278|0x00000000f1600000, 0x00000000f1700000, 0x00000000f1700000|100%| E|CS|TAMS 0x00000000f1600000, 0x00000000f1600000| Complete 
| 279|0x00000000f1700000, 0x00000000f1800000, 0x00000000f1800000|100%| E|CS|TAMS 0x00000000f1700000, 0x00000000f1700000| Complete 
| 280|0x00000000f1800000, 0x00000000f1900000, 0x00000000f1900000|100%| E|CS|TAMS 0x00000000f1800000, 0x00000000f1800000| Complete 
| 281|0x00000000f1900000, 0x00000000f1a00000, 0x00000000f1a00000|100%| E|CS|TAMS 0x00000000f1900000, 0x00000000f1900000| Complete 
| 282|0x00000000f1a00000, 0x00000000f1b00000, 0x00000000f1b00000|100%| E|CS|TAMS 0x00000000f1a00000, 0x00000000f1a00000| Complete 
| 283|0x00000000f1b00000, 0x00000000f1c00000, 0x00000000f1c00000|100%| E|CS|TAMS 0x00000000f1b00000, 0x00000000f1b00000| Complete 
| 284|0x00000000f1c00000, 0x00000000f1d00000, 0x00000000f1d00000|100%| E|CS|TAMS 0x00000000f1c00000, 0x00000000f1c00000| Complete 
| 285|0x00000000f1d00000, 0x00000000f1e00000, 0x00000000f1e00000|100%| E|CS|TAMS 0x00000000f1d00000, 0x00000000f1d00000| Complete 
| 286|0x00000000f1e00000, 0x00000000f1f00000, 0x00000000f1f00000|100%| E|CS|TAMS 0x00000000f1e00000, 0x00000000f1e00000| Complete 
| 287|0x00000000f1f00000, 0x00000000f2000000, 0x00000000f2000000|100%| E|CS|TAMS 0x00000000f1f00000, 0x00000000f1f00000| Complete 
| 288|0x00000000f2000000, 0x00000000f2100000, 0x00000000f2100000|100%| E|CS|TAMS 0x00000000f2000000, 0x00000000f2000000| Complete 
| 289|0x00000000f2100000, 0x00000000f2200000, 0x00000000f2200000|100%| E|CS|TAMS 0x00000000f2100000, 0x00000000f2100000| Complete 

Card table byte_map: [0x000002b0226f0000,0x000002b0227f0000] _byte_map_base: 0x000002b021ff0000

Marking Bits (Prev, Next): (CMBitMap*) 0x000002b00b4eb630, (CMBitMap*) 0x000002b00b4eb670
 Prev Bits: [0x000002b0228f0000, 0x000002b0230f0000)
 Next Bits: [0x000002b0230f0000, 0x000002b0238f0000)

Polling page: 0x000002b009640000

Metaspace:

Usage:
  Non-class:     68.80 MB capacity,    67.88 MB ( 99%) used,   821.66 KB (  1%) free+waste,   112.25 KB ( <1%) overhead. 
      Class:     10.27 MB capacity,     9.89 MB ( 96%) used,   343.74 KB (  3%) free+waste,    45.06 KB ( <1%) overhead. 
       Both:     79.07 MB capacity,    77.78 MB ( 98%) used,     1.14 MB (  1%) free+waste,   157.31 KB ( <1%) overhead. 

Virtual space:
  Non-class space:       70.00 MB reserved,      68.92 MB ( 98%) committed 
      Class space:      248.00 MB reserved,      10.36 MB (  4%) committed 
             Both:      318.00 MB reserved,      79.28 MB ( 25%) committed 

Chunk freelists:
   Non-Class:  0 bytes
       Class:  7.00 KB
        Both:  7.00 KB

MaxMetaspaceSize: 256.00 MB
CompressedClassSpaceSize: 248.00 MB

CodeHeap 'non-profiled nmethods': size=120000Kb used=5789Kb max_used=5789Kb free=114210Kb
 bounds [0x000002b01b1c0000, 0x000002b01b770000, 0x000002b0226f0000]
CodeHeap 'profiled nmethods': size=120000Kb used=20090Kb max_used=20090Kb free=99909Kb
 bounds [0x000002b013c90000, 0x000002b015030000, 0x000002b01b1c0000]
CodeHeap 'non-nmethods': size=5760Kb used=2408Kb max_used=2467Kb free=3351Kb
 bounds [0x000002b0136f0000, 0x000002b013970000, 0x000002b013c90000]
 total_blobs=10712 nmethods=9806 adapters=817
 compilation: enabled
              stopped_count=0, restarted_count=0
 full_count=0

Compilation events (20 events):
Event: 127.406 Thread 0x000002b025ee16b0 11289       3       org.gradle.api.internal.artifacts.result.DefaultResolvedComponentResult::associateDependencyToVariant (13 bytes)
Event: 127.407 Thread 0x000002b025ee16b0 nmethod 11289 0x000002b01500df90 code [0x000002b01500e140, 0x000002b01500e308]
Event: 127.555 Thread 0x000002b025ee16b0 11291       3       com.google.common.collect.AbstractMultimap::asMap (23 bytes)
Event: 127.555 Thread 0x000002b025ee16b0 nmethod 11291 0x000002b01500e410 code [0x000002b01500e5c0, 0x000002b01500e848]
Event: 127.555 Thread 0x000002b025ee16b0 11292       3       com.google.common.collect.AbstractMapBasedMultimap$AsMap::get (6 bytes)
Event: 127.555 Thread 0x000002b025ee16b0 nmethod 11292 0x000002b01500e910 code [0x000002b01500eac0, 0x000002b01500ec08]
Event: 127.555 Thread 0x000002b025ee16b0 11293       1       org.gradle.internal.MutableBoolean::set (6 bytes)
Event: 127.556 Thread 0x000002b025ee16b0 nmethod 11293 0x000002b01b75d410 code [0x000002b01b75d5a0, 0x000002b01b75d658]
Event: 127.556 Thread 0x000002b025ee16b0 11294       1       org.gradle.internal.MutableReference::set (6 bytes)
Event: 127.556 Thread 0x000002b025ee16b0 nmethod 11294 0x000002b01b75d710 code [0x000002b01b75d8a0, 0x000002b01b75d998]
Event: 127.610 Thread 0x000002b025ee16b0 11296       3       com.google.common.collect.AbstractMultimap::remove (34 bytes)
Event: 127.610 Thread 0x000002b025ee16b0 nmethod 11296 0x000002b01500ec90 code [0x000002b01500ee60, 0x000002b01500f368]
Event: 127.611 Thread 0x000002b025ee16b0 11297       3       org.gradle.api.internal.artifacts.transform.DefaultExecutionGraphDependenciesResolver$$Lambda$944/0x0000000801553d68::isSatisfiedBy (12 bytes)
Event: 127.611 Thread 0x000002b025ee16b0 nmethod 11297 0x000002b01500f490 code [0x000002b01500f640, 0x000002b01500f9a8]
Event: 127.611 Thread 0x000002b025ee16b0 11298       3       org.gradle.api.internal.artifacts.transform.DefaultExecutionGraphDependenciesResolver::lambda$selectedArtifacts$0 (11 bytes)
Event: 127.611 Thread 0x000002b025ee16b0 nmethod 11298 0x000002b01500fb10 code [0x000002b01500fcc0, 0x000002b01500fe88]
Event: 127.648 Thread 0x000002b025ee16b0 11299       3       com.google.common.collect.Synchronized$SynchronizedListMultimap::delegate (5 bytes)
Event: 127.649 Thread 0x000002b025ee16b0 nmethod 11299 0x000002b01500ff90 code [0x000002b015010140, 0x000002b015010558]
Event: 127.649 Thread 0x000002b025ee16b0 11300       3       org.gradle.api.internal.artifacts.ivyservice.resolveengine.artifact.CompositeResolvedArtifactSet::of (101 bytes)
Event: 127.651 Thread 0x000002b025ee16b0 nmethod 11300 0x000002b015010690 code [0x000002b015010940, 0x000002b015011ca8]

GC Heap History (20 events):
Event: 36.981 GC heap before
{Heap before GC invocations=5 (full 0):
 garbage-first heap   total 262144K, used 102741K [0x00000000e0000000, 0x0000000100000000)
  region size 1024K, 90 young (92160K), 10 survivors (10240K)
 Metaspace       used 35342K, capacity 35822K, committed 35888K, reserved 286720K
  class space    used 4548K, capacity 4721K, committed 4736K, reserved 253952K
}
Event: 37.012 GC heap after
{Heap after GC invocations=6 (full 0):
 garbage-first heap   total 262144K, used 26836K [0x00000000e0000000, 0x0000000100000000)
  region size 1024K, 14 young (14336K), 14 survivors (14336K)
 Metaspace       used 35342K, capacity 35822K, committed 35888K, reserved 286720K
  class space    used 4548K, capacity 4721K, committed 4736K, reserved 253952K
}
Event: 59.797 GC heap before
{Heap before GC invocations=7 (full 0):
 garbage-first heap   total 262144K, used 129236K [0x00000000e0000000, 0x0000000100000000)
  region size 1024K, 113 young (115712K), 14 survivors (14336K)
 Metaspace       used 41654K, capacity 42379K, committed 42652K, reserved 292864K
  class space    used 5314K, capacity 5533K, committed 5612K, reserved 253952K
}
Event: 59.848 GC heap after
{Heap after GC invocations=8 (full 0):
 garbage-first heap   total 262144K, used 36389K [0x00000000e0000000, 0x0000000100000000)
  region size 1024K, 15 young (15360K), 15 survivors (15360K)
 Metaspace       used 41654K, capacity 42379K, committed 42652K, reserved 292864K
  class space    used 5314K, capacity 5533K, committed 5612K, reserved 253952K
}
Event: 69.602 GC heap before
{Heap before GC invocations=8 (full 0):
 garbage-first heap   total 262144K, used 177701K [0x00000000e0000000, 0x0000000100000000)
  region size 1024K, 153 young (156672K), 15 survivors (15360K)
 Metaspace       used 58188K, capacity 59300K, committed 59420K, reserved 307200K
  class space    used 7406K, capacity 7764K, committed 7788K, reserved 253952K
}
Event: 69.659 GC heap after
{Heap after GC invocations=9 (full 0):
 garbage-first heap   total 262144K, used 48378K [0x00000000e0000000, 0x0000000100000000)
  region size 1024K, 20 young (20480K), 20 survivors (20480K)
 Metaspace       used 58188K, capacity 59300K, committed 59420K, reserved 307200K
  class space    used 7406K, capacity 7764K, committed 7788K, reserved 253952K
}
Event: 69.829 GC heap before
{Heap before GC invocations=9 (full 0):
 garbage-first heap   total 262144K, used 54522K [0x00000000e0000000, 0x0000000100000000)
  region size 1024K, 27 young (27648K), 20 survivors (20480K)
 Metaspace       used 59156K, capacity 60272K, committed 60316K, reserved 307200K
  class space    used 7537K, capacity 7894K, committed 7916K, reserved 253952K
}
Event: 69.876 GC heap after
{Heap after GC invocations=10 (full 0):
 garbage-first heap   total 262144K, used 49791K [0x00000000e0000000, 0x0000000100000000)
  region size 1024K, 2 young (2048K), 2 survivors (2048K)
 Metaspace       used 59156K, capacity 60272K, committed 60316K, reserved 307200K
  class space    used 7537K, capacity 7894K, committed 7916K, reserved 253952K
}
Event: 91.110 GC heap before
{Heap before GC invocations=11 (full 0):
 garbage-first heap   total 262144K, used 203391K [0x00000000e0000000, 0x0000000100000000)
  region size 1024K, 152 young (155648K), 2 survivors (2048K)
 Metaspace       used 75777K, capacity 77092K, committed 77212K, reserved 321536K
  class space    used 9797K, capacity 10201K, committed 10220K, reserved 253952K
}
Event: 91.145 GC heap after
{Heap after GC invocations=12 (full 0):
 garbage-first heap   total 262144K, used 63312K [0x00000000e0000000, 0x0000000100000000)
  region size 1024K, 16 young (16384K), 16 survivors (16384K)
 Metaspace       used 75777K, capacity 77092K, committed 77212K, reserved 321536K
  class space    used 9797K, capacity 10201K, committed 10220K, reserved 253952K
}
Event: 91.612 GC heap before
{Heap before GC invocations=12 (full 0):
 garbage-first heap   total 262144K, used 172880K [0x00000000e0000000, 0x0000000100000000)
  region size 1024K, 58 young (59392K), 16 survivors (16384K)
 Metaspace       used 75819K, capacity 77092K, committed 77212K, reserved 321536K
  class space    used 9797K, capacity 10201K, committed 10220K, reserved 253952K
}
Event: 91.644 GC heap after
{Heap after GC invocations=13 (full 0):
 garbage-first heap   total 262144K, used 88588K [0x00000000e0000000, 0x0000000100000000)
  region size 1024K, 10 young (10240K), 10 survivors (10240K)
 Metaspace       used 75819K, capacity 77092K, committed 77212K, reserved 321536K
  class space    used 9797K, capacity 10201K, committed 10220K, reserved 253952K
}
Event: 92.845 GC heap before
{Heap before GC invocations=14 (full 0):
 garbage-first heap   total 262144K, used 172556K [0x00000000e0000000, 0x0000000100000000)
  region size 1024K, 56 young (57344K), 10 survivors (10240K)
 Metaspace       used 76592K, capacity 77841K, committed 77980K, reserved 323584K
  class space    used 9825K, capacity 10193K, committed 10220K, reserved 253952K
}
Event: 92.854 GC heap after
{Heap after GC invocations=15 (full 0):
 garbage-first heap   total 262144K, used 101879K [0x00000000e0000000, 0x0000000100000000)
  region size 1024K, 5 young (5120K), 5 survivors (5120K)
 Metaspace       used 76592K, capacity 77841K, committed 77980K, reserved 323584K
  class space    used 9825K, capacity 10193K, committed 10220K, reserved 253952K
}
Event: 93.331 GC heap before
{Heap before GC invocations=16 (full 0):
 garbage-first heap   total 262144K, used 159223K [0x00000000e0000000, 0x0000000100000000)
  region size 1024K, 31 young (31744K), 5 survivors (5120K)
 Metaspace       used 76610K, capacity 77841K, committed 77980K, reserved 323584K
  class space    used 9825K, capacity 10193K, committed 10220K, reserved 253952K
}
Event: 93.337 GC heap after
{Heap after GC invocations=17 (full 0):
 garbage-first heap   total 262144K, used 116051K [0x00000000e0000000, 0x0000000100000000)
  region size 1024K, 5 young (5120K), 5 survivors (5120K)
 Metaspace       used 76610K, capacity 77841K, committed 77980K, reserved 323584K
  class space    used 9825K, capacity 10193K, committed 10220K, reserved 253952K
}
Event: 93.862 GC heap before
{Heap before GC invocations=18 (full 0):
 garbage-first heap   total 290816K, used 215379K [0x00000000e0000000, 0x0000000100000000)
  region size 1024K, 41 young (41984K), 5 survivors (5120K)
 Metaspace       used 76614K, capacity 77841K, committed 77980K, reserved 323584K
  class space    used 9825K, capacity 10193K, committed 10220K, reserved 253952K
}
Event: 93.870 GC heap after
{Heap after GC invocations=19 (full 0):
 garbage-first heap   total 290816K, used 123722K [0x00000000e0000000, 0x0000000100000000)
  region size 1024K, 7 young (7168K), 7 survivors (7168K)
 Metaspace       used 76614K, capacity 77841K, committed 77980K, reserved 323584K
  class space    used 9825K, capacity 10193K, committed 10220K, reserved 253952K
}
Event: 94.388 GC heap before
{Heap before GC invocations=20 (full 0):
 garbage-first heap   total 290816K, used 213834K [0x00000000e0000000, 0x0000000100000000)
  region size 1024K, 50 young (51200K), 7 survivors (7168K)
 Metaspace       used 76626K, capacity 77841K, committed 77980K, reserved 323584K
  class space    used 9825K, capacity 10193K, committed 10220K, reserved 253952K
}
Event: 94.395 GC heap after
{Heap after GC invocations=21 (full 0):
 garbage-first heap   total 290816K, used 133459K [0x00000000e0000000, 0x0000000100000000)
  region size 1024K, 7 young (7168K), 7 survivors (7168K)
 Metaspace       used 76626K, capacity 77841K, committed 77980K, reserved 323584K
  class space    used 9825K, capacity 10193K, committed 10220K, reserved 253952K
}

Deoptimization events (20 events):
Event: 123.602 Thread 0x000002b029e5d880 Uncommon trap: trap_request=0xffffffde fr.pc=0x000002b01b2fe378 relative=0x0000000000000398
Event: 123.602 Thread 0x000002b029e5dd50 Uncommon trap: trap_request=0xffffffde fr.pc=0x000002b01b2fe378 relative=0x0000000000000398
Event: 123.602 Thread 0x000002b029e5d880 Uncommon trap: reason=class_check action=maybe_recompile pc=0x000002b01b2fe378 method=java.lang.ThreadLocal.setInitialValue()Ljava/lang/Object; @ 31 c2
Event: 123.602 Thread 0x000002b029e5dd50 Uncommon trap: reason=class_check action=maybe_recompile pc=0x000002b01b2fe378 method=java.lang.ThreadLocal.setInitialValue()Ljava/lang/Object; @ 31 c2
Event: 123.602 Thread 0x000002b029e5d880 DEOPT PACKING pc=0x000002b01b2fe378 sp=0x000000babaffe8a0
Event: 123.602 Thread 0x000002b029e5dd50 DEOPT PACKING pc=0x000002b01b2fe378 sp=0x000000babe1fe770
Event: 123.602 Thread 0x000002b029e5d880 DEOPT UNPACKING pc=0x000002b01373e42f sp=0x000000babaffe7e0 mode 2
Event: 123.602 Thread 0x000002b029e5dd50 DEOPT UNPACKING pc=0x000002b01373e42f sp=0x000000babe1fe6b0 mode 2
Event: 123.603 Thread 0x000002b029e61240 Uncommon trap: trap_request=0xffffffde fr.pc=0x000002b01b2fe378 relative=0x0000000000000398
Event: 123.603 Thread 0x000002b029e61240 Uncommon trap: reason=class_check action=maybe_recompile pc=0x000002b01b2fe378 method=java.lang.ThreadLocal.setInitialValue()Ljava/lang/Object; @ 31 c2
Event: 123.603 Thread 0x000002b029e61240 DEOPT PACKING pc=0x000002b01b2fe378 sp=0x000000babe2fe940
Event: 123.603 Thread 0x000002b029e61240 DEOPT UNPACKING pc=0x000002b01373e42f sp=0x000000babe2fe880 mode 2
Event: 127.372 Thread 0x000002b02c3b2850 Uncommon trap: trap_request=0xffffff45 fr.pc=0x000002b01b754870 relative=0x00000000000007f0
Event: 127.372 Thread 0x000002b02c3b2850 Uncommon trap: reason=unstable_if action=reinterpret pc=0x000002b01b754870 method=com.google.common.cache.LocalCache.isExpired(Lcom/google/common/cache/ReferenceEntry;J)Z @ 25 c2
Event: 127.372 Thread 0x000002b02c3b2850 DEOPT PACKING pc=0x000002b01b754870 sp=0x000000bac38fe3d0
Event: 127.372 Thread 0x000002b02c3b2850 DEOPT UNPACKING pc=0x000002b01373e42f sp=0x000000bac38fe220 mode 2
Event: 127.372 Thread 0x000002b02c3b2850 Uncommon trap: trap_request=0xffffff45 fr.pc=0x000002b01b3d06dc relative=0x000000000000011c
Event: 127.372 Thread 0x000002b02c3b2850 Uncommon trap: reason=unstable_if action=reinterpret pc=0x000002b01b3d06dc method=com.google.common.cache.LocalCache.isExpired(Lcom/google/common/cache/ReferenceEntry;J)Z @ 25 c2
Event: 127.372 Thread 0x000002b02c3b2850 DEOPT PACKING pc=0x000002b01b3d06dc sp=0x000000bac38fe1e0
Event: 127.372 Thread 0x000002b02c3b2850 DEOPT UNPACKING pc=0x000002b01373e42f sp=0x000000bac38fe120 mode 2

Classes unloaded (19 events):
Event: 69.994 Thread 0x000002b025eacf90 Unloading class 0x0000000800da8840 '_BuildScript_'
Event: 91.847 Thread 0x000002b025eacf90 Unloading class 0x000000080109a570 '_BuildScript_$_run_closure3'
Event: 91.847 Thread 0x000002b025eacf90 Unloading class 0x000000080109a1b8 '_BuildScript_$_run_closure2$_closure17'
Event: 91.847 Thread 0x000002b025eacf90 Unloading class 0x0000000801099e00 '_BuildScript_$_run_closure2$_closure16'
Event: 91.847 Thread 0x000002b025eacf90 Unloading class 0x0000000801099a48 '_BuildScript_$_run_closure2$_closure15'
Event: 91.847 Thread 0x000002b025eacf90 Unloading class 0x0000000801099690 '_BuildScript_$_run_closure2'
Event: 91.847 Thread 0x000002b025eacf90 Unloading class 0x00000008010992d8 '_BuildScript_$_run_closure1$_closure9$_closure14'
Event: 91.847 Thread 0x000002b025eacf90 Unloading class 0x0000000801098f20 '_BuildScript_$_run_closure1$_closure9'
Event: 91.847 Thread 0x000002b025eacf90 Unloading class 0x0000000801098b68 '_BuildScript_$_run_closure1$_closure8$_closure13'
Event: 91.847 Thread 0x000002b025eacf90 Unloading class 0x00000008010987b0 '_BuildScript_$_run_closure1$_closure8$_closure12'
Event: 91.847 Thread 0x000002b025eacf90 Unloading class 0x00000008010983f8 '_BuildScript_$_run_closure1$_closure8'
Event: 91.847 Thread 0x000002b025eacf90 Unloading class 0x0000000801098040 '_BuildScript_$_run_closure1$_closure7$_closure11'
Event: 91.847 Thread 0x000002b025eacf90 Unloading class 0x0000000801073bf8 '_BuildScript_$_run_closure1$_closure7'
Event: 91.848 Thread 0x000002b025eacf90 Unloading class 0x0000000801073840 '_BuildScript_$_run_closure1$_closure6$_closure10'
Event: 91.848 Thread 0x000002b025eacf90 Unloading class 0x00000008010743f8 '_BuildScript_$_run_closure1$_closure6'
Event: 91.848 Thread 0x000002b025eacf90 Unloading class 0x0000000801074040 '_BuildScript_$_run_closure1$_closure5'
Event: 91.848 Thread 0x000002b025eacf90 Unloading class 0x0000000801074bf8 '_BuildScript_$_run_closure1$_closure4'
Event: 91.848 Thread 0x000002b025eacf90 Unloading class 0x0000000801074840 '_BuildScript_$_run_closure1'
Event: 91.848 Thread 0x000002b025eacf90 Unloading class 0x0000000801075040 '_BuildScript_'

Classes redefined (0 events):
No events

Internal exceptions (20 events):
Event: 98.035 Thread 0x000002b02a3a5b10 Exception <a 'sun/nio/fs/WindowsException'{0x00000000f0f7fb78}> (0x00000000f0f7fb78) 
thrown [./open/src/hotspot/share/prims/jni.cpp, line 578]
Event: 98.545 Thread 0x000002b028894d00 Exception <a 'java/lang/NoSuchMethodError'{0x00000000f0c31ad8}: static Lcom/android/build/gradle/internal/tasks/Workers$ActionParameters;.<clinit>()V> (0x00000000f0c31ad8) 
thrown [./open/src/hotspot/share/prims/jni.cpp, line 1204]
Event: 98.547 Thread 0x000002b028894d00 Exception <a 'java/lang/NoSuchMethodError'{0x00000000f0c47328}: static Lcom/android/build/gradle/tasks/JavaPreCompileTask$PreCompileParams;.<clinit>()V> (0x00000000f0c47328) 
thrown [./open/src/hotspot/share/prims/jni.cpp, line 1204]
Event: 98.563 Thread 0x000002b028894d00 Exception <a 'java/lang/NoSuchMethodError'{0x00000000f0c8f520}: static [Ljava/lang/Object;.<clinit>()V> (0x00000000f0c8f520) 
thrown [./open/src/hotspot/share/prims/jni.cpp, line 1204]
Event: 98.568 Thread 0x000002b028894d00 Exception <a 'java/lang/NoSuchMethodError'{0x00000000f0cbf7e8}: static Lcom/android/build/gradle/tasks/SerializableArtifact;.<clinit>()V> (0x00000000f0cbf7e8) 
thrown [./open/src/hotspot/share/prims/jni.cpp, line 1204]
Event: 98.595 Thread 0x000002b02c3b31f0 Exception <a 'java/lang/NoSuchMethodError'{0x00000000f0ba6510}: 'void java.lang.invoke.DirectMethodHandle$Holder.invokeSpecial(java.lang.Object, java.lang.Object, java.lang.Object, int)'> (0x00000000f0ba6510) 
thrown [./open/src/hotspot/share/interpreter/linkResolver.cpp, line 782]
Event: 98.595 Thread 0x000002b02c3b2850 Exception <a 'sun/nio/fs/WindowsException'{0x00000000f2120408}> (0x00000000f2120408) 
thrown [./open/src/hotspot/share/prims/jni.cpp, line 578]
Event: 98.753 Thread 0x000002b02c3b2850 Exception <a 'java/lang/NoSuchMethodError'{0x00000000f0989380}: 'int java.lang.invoke.DirectMethodHandle$Holder.invokeSpecial(java.lang.Object, java.lang.Object, java.lang.Object, java.lang.Object, java.lang.Object)'> (0x00000000f0989380) 
thrown [./open/src/hotspot/share/interpreter/linkResolver.cpp, line 782]
Event: 98.764 Thread 0x000002b02c3b2850 Exception <a 'java/lang/NoSuchMethodError'{0x00000000f09ba818}: 'java.lang.Object java.lang.invoke.DirectMethodHandle$Holder.newInvokeSpecial(java.lang.Object, java.lang.Object, java.lang.Object, java.lang.Object, java.lang.Object, java.lang.Object, java.lang.Object, java.lang.Object, java.lang.Object)'> (0x00000000f09ba818) 
thrown [./open/src/hotspot/share/interpreter/linkResolver.cpp, line 782]
Event: 98.765 Thread 0x000002b02c3b2850 Exception <a 'java/lang/NoSuchMethodError'{0x00000000f09c0610}: 'java.lang.Object java.lang.invoke.DirectMethodHandle$Holder.invokeSpecial(java.lang.Object, java.lang.Object, java.lang.Object, java.lang.Object, java.lang.Object, java.lang.Object, java.lang.Object, java.lang.Object, java.lang.Object, java.lang.Object)'> (0x00000000f09c0610) 
thrown [./open/src/hotspot/share/interpreter/linkResolver.cpp, line 782]
Event: 98.765 Thread 0x000002b02c3b2850 Exception <a 'java/lang/NoSuchMethodError'{0x00000000f09c5240}: 'java.lang.Object java.lang.invoke.Invokers$Holder.linkToTargetMethod(java.lang.Object, java.lang.Object, java.lang.Object, java.lang.Object, java.lang.Object, java.lang.Object, java.lang.Object, java.lang.Object, java.lang.Object)'> (0x00000000f09c5240) 
thrown [./open/src/hotspot/share/interpreter/linkResolver.cpp, line 782]
Event: 98.771 Thread 0x000002b02c3b2850 Exception <a 'sun/nio/fs/WindowsException'{0x00000000f09e42a8}> (0x00000000f09e42a8) 
thrown [./open/src/hotspot/share/prims/jni.cpp, line 578]
Event: 103.192 Thread 0x000002b02a3a5b10 Implicit null exception at 0x000002b01b3f09fb to 0x000002b01b3f1238
Event: 103.192 Thread 0x000002b02a3a5b10 Implicit null exception at 0x000002b01b3f187b to 0x000002b01b3f2070
Event: 105.009 Thread 0x000002b02c3b31f0 Exception <a 'sun/nio/fs/WindowsException'{0x00000000ef33e8e0}> (0x00000000ef33e8e0) 
thrown [./open/src/hotspot/share/prims/jni.cpp, line 578]
Event: 106.602 Thread 0x000002b02c3b2850 Exception <a 'java/lang/NoSuchMethodError'{0x00000000ed97cbf8}: static Lcom/android/build/gradle/internal/scope/OutputFactory$Main;.<clinit>()V> (0x00000000ed97cbf8) 
thrown [./open/src/hotspot/share/prims/jni.cpp, line 1204]
Event: 106.603 Thread 0x000002b02c3b2850 Exception <a 'java/lang/NoSuchMethodError'{0x00000000ed983800}: static Ljava/lang/Object;.<clinit>()V> (0x00000000ed983800) 
thrown [./open/src/hotspot/share/prims/jni.cpp, line 1204]
Event: 112.242 Thread 0x000002b02c3b2850 Exception <a 'java/lang/NoSuchMethodError'{0x00000000e6eaac78}: 'java.lang.Object java.lang.invoke.DirectMethodHandle$Holder.newInvokeSpecial(java.lang.Object, java.lang.Object, int, java.lang.Object, java.lang.Object)'> (0x00000000e6eaac78) 
thrown [./open/src/hotspot/share/interpreter/linkResolver.cpp, line 782]
Event: 112.243 Thread 0x000002b02c3b2850 Exception <a 'java/lang/NoSuchMethodError'{0x00000000e6eb81f0}: 'java.lang.Object java.lang.invoke.DirectMethodHandle$Holder.invokeSpecial(java.lang.Object, java.lang.Object, java.lang.Object, int, java.lang.Object, java.lang.Object)'> (0x00000000e6eb81f0) 
thrown [./open/src/hotspot/share/interpreter/linkResolver.cpp, line 782]
Event: 116.506 Thread 0x000002b02a3a2150 Exception <a 'sun/nio/fs/WindowsException'{0x00000000e6704dd0}> (0x00000000e6704dd0) 
thrown [./open/src/hotspot/share/prims/jni.cpp, line 578]

Events (20 events):
Event: 122.244 Executing VM operation: HandshakeAllThreads
Event: 122.245 Executing VM operation: HandshakeAllThreads done
Event: 123.246 Executing VM operation: HandshakeAllThreads
Event: 123.246 Executing VM operation: HandshakeAllThreads done
Event: 123.323 Executing VM operation: HandshakeAllThreads
Event: 123.324 Executing VM operation: HandshakeAllThreads done
Event: 123.567 loading class java/util/concurrent/ForkJoinTask$AdaptedRunnableAction
Event: 123.598 loading class java/util/concurrent/ForkJoinTask$AdaptedRunnableAction done
Event: 123.599 Thread 0x000002b029e5d880 Thread added: 0x000002b029e5d880
Event: 123.599 Thread 0x000002b029e5dd50 Thread added: 0x000002b029e5dd50
Event: 123.600 Thread 0x000002b029e61240 Thread added: 0x000002b029e61240
Event: 124.324 Executing VM operation: HandshakeAllThreads
Event: 124.324 Executing VM operation: HandshakeAllThreads done
Event: 125.300 Thread 0x000002b029e5ca10 Thread exited: 0x000002b029e5ca10
Event: 125.379 Executing VM operation: HandshakeAllThreads
Event: 125.380 Executing VM operation: HandshakeAllThreads done
Event: 127.381 Executing VM operation: HandshakeAllThreads
Event: 127.381 Executing VM operation: HandshakeAllThreads done
Event: 127.406 Executing VM operation: HandshakeAllThreads
Event: 127.406 Executing VM operation: HandshakeAllThreads done


Dynamic libraries:
0x00007ff6c06a0000 - 0x00007ff6c06af000 	E:\jdk-15\bin\java.exe
0x00007ffe94200000 - 0x00007ffe943e1000 	C:\WINDOWS\SYSTEM32\ntdll.dll
0x00007ffe918a0000 - 0x00007ffe91951000 	C:\WINDOWS\System32\KERNEL32.DLL
0x00007ffe913d0000 - 0x00007ffe91643000 	C:\WINDOWS\System32\KERNELBASE.dll
0x00007ffe912d0000 - 0x00007ffe913c8000 	C:\WINDOWS\System32\ucrtbase.dll
0x00007ffe8ce40000 - 0x00007ffe8ce58000 	E:\jdk-15\bin\jli.dll
0x00007ffe852f0000 - 0x00007ffe85309000 	E:\jdk-15\bin\VCRUNTIME140.dll
0x00007ffe91670000 - 0x00007ffe91711000 	C:\WINDOWS\System32\ADVAPI32.dll
0x00007ffe92490000 - 0x00007ffe9252e000 	C:\WINDOWS\System32\msvcrt.dll
0x00007ffe92bb0000 - 0x00007ffe92c0b000 	C:\WINDOWS\System32\sechost.dll
0x00007ffe92100000 - 0x00007ffe92224000 	C:\WINDOWS\System32\RPCRT4.dll
0x00007ffe91a90000 - 0x00007ffe91c21000 	C:\WINDOWS\System32\USER32.dll
0x00007ffe91650000 - 0x00007ffe91670000 	C:\WINDOWS\System32\win32u.dll
0x00007ffe919e0000 - 0x00007ffe91a08000 	C:\WINDOWS\System32\GDI32.dll
0x00007ffe90880000 - 0x00007ffe90a13000 	C:\WINDOWS\System32\gdi32full.dll
0x00007ffe905a0000 - 0x00007ffe9063f000 	C:\WINDOWS\System32\msvcp_win.dll
0x00007ffe7d130000 - 0x00007ffe7d399000 	C:\WINDOWS\WinSxS\amd64_microsoft.windows.common-controls_6595b64144ccf1df_6.0.17134.1902_none_d3fc12d37c93a894\COMCTL32.dll
0x00007ffe927c0000 - 0x00007ffe92ae1000 	C:\WINDOWS\System32\combase.dll
0x00007ffe90a20000 - 0x00007ffe90a99000 	C:\WINDOWS\System32\bcryptPrimitives.dll
0x00007ffe84f30000 - 0x00007ffe84f3a000 	C:\WINDOWS\SYSTEM32\VERSION.dll
0x00007ffe92230000 - 0x00007ffe9225d000 	C:\WINDOWS\System32\IMM32.DLL
0x00007ffe871a0000 - 0x00007ffe871ac000 	E:\jdk-15\bin\vcruntime140_1.dll
0x00007ffe7cb20000 - 0x00007ffe7cbb1000 	E:\jdk-15\bin\msvcp140.dll
0x00007ffe6acd0000 - 0x00007ffe6b82c000 	E:\jdk-15\bin\server\jvm.dll
0x00007ffe92d70000 - 0x00007ffe92d78000 	C:\WINDOWS\System32\PSAPI.DLL
0x00007ffe86fc0000 - 0x00007ffe86fc9000 	C:\WINDOWS\SYSTEM32\WSOCK32.dll
0x00007ffe91970000 - 0x00007ffe919dc000 	C:\WINDOWS\System32\WS2_32.dll
0x00007ffe8d360000 - 0x00007ffe8d383000 	C:\WINDOWS\SYSTEM32\WINMM.dll
0x00007ffe8d330000 - 0x00007ffe8d35a000 	C:\WINDOWS\SYSTEM32\WINMMBASE.dll
0x00007ffe90640000 - 0x00007ffe90689000 	C:\WINDOWS\System32\cfgmgr32.dll
0x00007ffe904e0000 - 0x00007ffe904f1000 	C:\WINDOWS\System32\kernel.appcore.dll
0x00007ffe86f50000 - 0x00007ffe86f5a000 	E:\jdk-15\bin\jimage.dll
0x00007ffe7fc80000 - 0x00007ffe7fe49000 	C:\WINDOWS\SYSTEM32\DBGHELP.DLL
0x00007ffe804d0000 - 0x00007ffe804f9000 	C:\WINDOWS\SYSTEM32\dbgcore.DLL
0x00007ffe83930000 - 0x00007ffe83955000 	E:\jdk-15\bin\java.dll
0x00007ffe92d80000 - 0x00007ffe941c5000 	C:\WINDOWS\System32\SHELL32.dll
0x00007ffe92b00000 - 0x00007ffe92ba9000 	C:\WINDOWS\System32\shcore.dll
0x00007ffe90b00000 - 0x00007ffe91215000 	C:\WINDOWS\System32\windows.storage.dll
0x00007ffe92430000 - 0x00007ffe92481000 	C:\WINDOWS\System32\shlwapi.dll
0x00007ffe90530000 - 0x00007ffe9054f000 	C:\WINDOWS\System32\profapi.dll
0x00007ffe90550000 - 0x00007ffe9059c000 	C:\WINDOWS\System32\powrprof.dll
0x00007ffe90520000 - 0x00007ffe9052a000 	C:\WINDOWS\System32\FLTLIB.DLL
0x00007ffe83910000 - 0x00007ffe83929000 	E:\jdk-15\bin\net.dll
0x00007ffe880d0000 - 0x00007ffe881ad000 	C:\WINDOWS\SYSTEM32\WINHTTP.dll
0x00007ffe8fd60000 - 0x00007ffe8fdc6000 	C:\WINDOWS\system32\mswsock.dll
0x00007ffe83760000 - 0x00007ffe83772000 	E:\jdk-15\bin\nio.dll
0x00007ffe832a0000 - 0x00007ffe832b8000 	E:\jdk-15\bin\zip.dll
0x00007ffe865c0000 - 0x00007ffe865d0000 	E:\jdk-15\bin\verify.dll
0x00007ffe83270000 - 0x00007ffe83296000 	C:\Users\musab\.gradle\native\fdc75f09e3144964f2cf3f50f0aa648679c211496f362492102eb8c894070792\windows-amd64\native-platform.dll
0x00007ffe76320000 - 0x00007ffe764b1000 	C:\Users\musab\.gradle\native\12488b8bf47d2d4c9fbf2f6322a914ad602e24e48041cd04a747c6da556b65c4\windows-amd64\native-platform-file-events.dll
0x00007ffe83900000 - 0x00007ffe83909000 	E:\jdk-15\bin\management.dll
0x00007ffe83860000 - 0x00007ffe8386b000 	E:\jdk-15\bin\management_ext.dll
0x00007ffe8ff10000 - 0x00007ffe8ff27000 	C:\WINDOWS\SYSTEM32\CRYPTSP.dll
0x00007ffe8f910000 - 0x00007ffe8f943000 	C:\WINDOWS\system32\rsaenh.dll
0x00007ffe90040000 - 0x00007ffe90065000 	C:\WINDOWS\SYSTEM32\bcrypt.dll
0x00007ffe903e0000 - 0x00007ffe90408000 	C:\WINDOWS\SYSTEM32\USERENV.dll
0x00007ffe8ff30000 - 0x00007ffe8ff3b000 	C:\WINDOWS\SYSTEM32\CRYPTBASE.dll
0x00007ffe8fab0000 - 0x00007ffe8fae8000 	C:\WINDOWS\SYSTEM32\IPHLPAPI.DLL
0x00007ffe91960000 - 0x00007ffe91968000 	C:\WINDOWS\System32\NSI.dll
0x00007ffe88be0000 - 0x00007ffe88bf6000 	C:\WINDOWS\SYSTEM32\dhcpcsvc6.DLL
0x00007ffe88c90000 - 0x00007ffe88caa000 	C:\WINDOWS\SYSTEM32\dhcpcsvc.DLL
0x00007ffe8a980000 - 0x00007ffe8a98b000 	C:\WINDOWS\SYSTEM32\WINNSI.DLL
0x00007ffe8fb00000 - 0x00007ffe8fbbe000 	C:\WINDOWS\SYSTEM32\DNSAPI.dll
0x00007ffe87c00000 - 0x00007ffe87c0a000 	C:\Windows\System32\rasadhlp.dll
0x00007ffe882b0000 - 0x00007ffe88322000 	C:\WINDOWS\System32\fwpuclnt.dll
0x00007ffe82ff0000 - 0x00007ffe82ffd000 	E:\jdk-15\bin\sunmscapi.dll
0x00007ffe90690000 - 0x00007ffe90872000 	C:\WINDOWS\System32\CRYPT32.dll
0x00007ffe90500000 - 0x00007ffe90512000 	C:\WINDOWS\System32\MSASN1.dll
0x00007ffe90010000 - 0x00007ffe90036000 	C:\WINDOWS\SYSTEM32\ncrypt.dll
0x00007ffe8ffd0000 - 0x00007ffe90006000 	C:\WINDOWS\SYSTEM32\NTASN1.dll

dbghelp: loaded successfully - version: 4.0.5 - missing functions: none
symbol engine: initialized successfully - sym options: 0x614 - pdb path: .;E:\jdk-15\bin;C:\WINDOWS\SYSTEM32;C:\WINDOWS\WinSxS\amd64_microsoft.windows.common-controls_6595b64144ccf1df_6.0.17134.1902_none_d3fc12d37c93a894;E:\jdk-15\bin\server;C:\Users\musab\.gradle\native\fdc75f09e3144964f2cf3f50f0aa648679c211496f362492102eb8c894070792\windows-amd64;C:\Users\musab\.gradle\native\12488b8bf47d2d4c9fbf2f6322a914ad602e24e48041cd04a747c6da556b65c4\windows-amd64

VM Arguments:
jvm_args: --add-opens=java.base/java.util=ALL-UNNAMED --add-opens=java.base/java.lang=ALL-UNNAMED --add-opens=java.base/java.lang.invoke=ALL-UNNAMED --add-opens=java.prefs/java.util.prefs=ALL-UNNAMED -XX:MaxMetaspaceSize=256m -XX:+HeapDumpOnOutOfMemoryError -Xms256m -Xmx512m -Dfile.encoding=windows-1252 -Duser.country=US -Duser.language=en -Duser.variant 
java_command: org.gradle.launcher.daemon.bootstrap.GradleDaemon 6.7
java_class_path (initial): C:\Users\musab\.gradle\wrapper\dists\gradle-6.7-all\cuy9mc7upwgwgeb72wkcrupxe\gradle-6.7\lib\gradle-launcher-6.7.jar
Launcher Type: SUN_STANDARD

[Global flags]
     intx CICompilerCount                          = 3                                         {product} {ergonomic}
   size_t CompressedClassSpaceSize                 = 260046848                                 {product} {ergonomic}
     uint ConcGCThreads                            = 1                                         {product} {ergonomic}
     uint G1ConcRefinementThreads                  = 4                                         {product} {ergonomic}
   size_t G1HeapRegionSize                         = 1048576                                   {product} {ergonomic}
    uintx GCDrainStackTargetSize                   = 64                                        {product} {ergonomic}
     bool HeapDumpOnOutOfMemoryError               = true                                   {manageable} {command line}
   size_t InitialHeapSize                          = 268435456                                 {product} {command line}
   size_t MarkStackSize                            = 4194304                                   {product} {ergonomic}
   size_t MaxHeapSize                              = 536870912                                 {product} {command line}
   size_t MaxMetaspaceSize                         = 268435456                                 {product} {command line}
   size_t MaxNewSize                               = 321912832                                 {product} {ergonomic}
   size_t MinHeapDeltaBytes                        = 1048576                                   {product} {ergonomic}
   size_t MinHeapSize                              = 268435456                                 {product} {command line}
    uintx NonNMethodCodeHeapSize                   = 5832780                                {pd product} {ergonomic}
    uintx NonProfiledCodeHeapSize                  = 122912730                              {pd product} {ergonomic}
    uintx ProfiledCodeHeapSize                     = 122912730                              {pd product} {ergonomic}
    uintx ReservedCodeCacheSize                    = 251658240                              {pd product} {ergonomic}
     bool SegmentedCodeCache                       = true                                      {product} {ergonomic}
   size_t SoftMaxHeapSize                          = 536870912                              {manageable} {ergonomic}
     bool UseCompressedClassPointers               = true                                 {lp64_product} {ergonomic}
     bool UseCompressedOops                        = true                                 {lp64_product} {ergonomic}
     bool UseG1GC                                  = true                                      {product} {ergonomic}
     bool UseLargePagesIndividualAllocation        = false                                  {pd product} {ergonomic}

Logging:
Log output configuration:
 #0: stdout all=warning uptime,level,tags
 #1: stderr all=off uptime,level,tags

Environment Variables:
JAVA_HOME=E:\jdk-15
CLASSPATH=E:\react-native\Task\android\\gradle\wrapper\gradle-wrapper.jar
PATH=E:\react-native\Task\android\node_modules\.bin;E:\react-native\Task\node_modules\.bin;E:\react-native\node_modules\.bin;E:\node_modules\.bin;C:\Program Files\nodejs;E:\react-native\Task\node_modules\.bin;C:\WINDOWS\system32;C:\WINDOWS;C:\WINDOWS\System32\Wbem;C:\WINDOWS\System32\WindowsPowerShell\v1.0\;C:\WINDOWS\System32\OpenSSH\;";C:\Users\ASUS\AppData\Local\Programs\Python\Python38-32\;C:\Users\ASUS\AppData\Local\Programs\Python\Python38-32\Scripts\";C:\Program Files\Common Files\Autodesk Shared\;C:\OpenSSL-Win32\bin;C:\Users\musab\AppData\Roaming\npm;C:\Users\musab\AppData\Roaming\npm;C:\ProgramData\chocolatey\bin;C:\Program Files\nodejs\;C:\Program Files\Java\jdk1.8.0_211\bin;C:\Users\musab\AppData\Local\Android\Sdk\platform-tools;E:\jdk-15;C:\Users\musab\AppData\Local\Android\Sdk\platform-tools;"%PATH%;%ANDROID_HOME%\tools;%ANDROID_HOME%\platform-tools";C:\Users\musab\.cargo\bin;C:\Users\musab\AppData\Local\Programs\Python\Python38-32\Scripts\;C:\Users\musab\AppData\Local\Programs\Python\Python38-32\;C:\Users\musab\AppData\Local\Microsoft\WindowsApps;C:\Users\musab\AppData\Local\Programs\Microsoft VS Code\bin;C:\Users\musab\AppData\Roaming\npm
USERNAME=musab
OS=Windows_NT
PROCESSOR_IDENTIFIER=Intel64 Family 6 Model 58 Stepping 9, GenuineIntel



---------------  S Y S T E M  ---------------

OS:
 Windows 10 , 64 bit Build 17134 (10.0.17134.1425)
OS uptime: 5 days 0:38 hours

CPU: total 4 (initial active 4) (2 cores per cpu, 2 threads per core) family 6 model 58 stepping 9, cmov, cx8, fxsr, mmx, sse, sse2, sse3, ssse3, sse4.1, sse4.2, popcnt, vzeroupper, avx, clmul, erms, ht, tsc, tscinvbit, tscinv, clflush

Memory: 4k page, system-wide physical 3981M (453M free)
TotalPageFile size 5374M (AvailPageFile size 120M)
current process WorkingSet (physical memory assigned to process): 520M, peak: 544M
current process commit charge ("private bytes"): 562M, peak: 600M

vm_info: Java HotSpot(TM) 64-Bit Server VM (15+36-1562) for windows-amd64 JRE (15+36-1562), built on Aug 11 2020 22:38:02 by "mach5one" with unknown MS VC++:1925

END.
